Dec 07, 2017 3:25:24 PM comp4004.poker.testcases.Log <init>
INFO: Logger Configured
Dec 07, 2017 3:25:37 PM comp4004.poker.testcases.Log logmsg
INFO: Thread 11 sending a java.lang.Integer 1
Dec 07, 2017 3:25:37 PM comp4004.poker.testcases.Log logmsg
INFO: Thread 12 sending a java.lang.Integer 2
Dec 07, 2017 3:25:37 PM comp4004.poker.testcases.Log logmsg
INFO: Thread 12 starting up.
Dec 07, 2017 3:25:37 PM comp4004.poker.testcases.Log logmsg
INFO: Thread 11 starting up.
Dec 07, 2017 3:25:37 PM comp4004.poker.testcases.Log logmsg
INFO: Thread 12 sending a java.lang.Integer 151
Dec 07, 2017 3:25:37 PM comp4004.poker.testcases.Log logmsg
INFO: Thread 12 sending a java.lang.Integer 102
Dec 07, 2017 3:25:40 PM comp4004.poker.testcases.Log logmsg
INFO: Received a java.lang.Integer 2 from thread 12
Dec 07, 2017 3:25:40 PM comp4004.poker.testcases.Log logmsg
INFO: Thread 12: attempting to play card 2: 8 of Spades
Dec 07, 2017 3:25:40 PM comp4004.poker.testcases.Log logmsg
INFO: Thread 12 sending a java.lang.Integer 202
Dec 07, 2017 3:25:40 PM comp4004.poker.testcases.Log logmsg
INFO: Thread 12: successfully discarded card 2: 8 of Spades
Dec 07, 2017 3:25:40 PM comp4004.poker.testcases.Log logmsg
INFO: Thread 12 sending a java.lang.Integer 102
Dec 07, 2017 3:25:43 PM comp4004.poker.testcases.Log logmsg
INFO: Received a java.lang.Integer 2 from thread 12
Dec 07, 2017 3:25:43 PM comp4004.poker.testcases.Log logmsg
INFO: Thread 12: attempting to play card 2: King of Spades
Dec 07, 2017 3:25:43 PM comp4004.poker.testcases.Log logmsg
INFO: Thread 12 sending a java.lang.Integer 202
Dec 07, 2017 3:25:43 PM comp4004.poker.testcases.Log logmsg
INFO: Thread 12: successfully discarded card 2: King of Spades
Dec 07, 2017 3:25:43 PM comp4004.poker.testcases.Log logmsg
INFO: Thread 12 sending a java.lang.Integer 102
Dec 07, 2017 3:25:44 PM comp4004.poker.testcases.Log logmsg
INFO: Received a java.lang.Integer 104 from thread 12
Dec 07, 2017 3:25:44 PM comp4004.poker.testcases.Log logmsg
INFO: Thread 12: exchanged cards.
Dec 07, 2017 3:25:44 PM comp4004.poker.testcases.Log logmsg
INFO: Thread 12 sending a java.lang.Integer 104
Dec 07, 2017 3:25:44 PM comp4004.poker.testcases.Log logmsg
INFO: Thread 12 sending a java.lang.Integer 102
Dec 07, 2017 3:25:45 PM comp4004.poker.testcases.Log logmsg
INFO: Received a java.lang.Integer 103 from thread 12
Dec 07, 2017 3:25:45 PM comp4004.poker.testcases.Log logmsg
INFO: Thread 12: ended turn.
Dec 07, 2017 3:25:45 PM comp4004.poker.testcases.Log logmsg
INFO: Thread 11 sending a java.lang.Integer 302
Dec 07, 2017 3:25:45 PM comp4004.poker.testcases.Log logmsg
INFO: Thread 11 sending a java.lang.Long 12
Dec 07, 2017 3:25:45 PM comp4004.poker.testcases.Log logmsg
INFO: Thread 11 sending a java.lang.Integer 151
Dec 07, 2017 3:25:45 PM comp4004.poker.testcases.Log logmsg
INFO: Thread 11 sending a java.lang.Integer 102
Dec 07, 2017 3:25:51 PM comp4004.poker.testcases.Log logmsg
INFO: Received a java.lang.Integer 1 from thread 11
Dec 07, 2017 3:25:51 PM comp4004.poker.testcases.Log logmsg
INFO: Thread 11: attempting to play card 1: Queen of Hearts
Dec 07, 2017 3:25:51 PM comp4004.poker.testcases.Log logmsg
INFO: Thread 11 sending a java.lang.Integer 202
Dec 07, 2017 3:25:51 PM comp4004.poker.testcases.Log logmsg
INFO: Thread 11: successfully discarded card 1: Queen of Hearts
Dec 07, 2017 3:25:51 PM comp4004.poker.testcases.Log logmsg
INFO: Thread 11 sending a java.lang.Integer 102
Dec 07, 2017 3:25:52 PM comp4004.poker.testcases.Log logmsg
INFO: Received a java.lang.Integer 1 from thread 11
Dec 07, 2017 3:25:52 PM comp4004.poker.testcases.Log logmsg
INFO: Thread 11: attempting to play card 1: 2 of Clubs
Dec 07, 2017 3:25:52 PM comp4004.poker.testcases.Log logmsg
INFO: Thread 11 sending a java.lang.Integer 202
Dec 07, 2017 3:25:52 PM comp4004.poker.testcases.Log logmsg
INFO: Thread 11: successfully discarded card 1: 2 of Clubs
Dec 07, 2017 3:25:52 PM comp4004.poker.testcases.Log logmsg
INFO: Thread 11 sending a java.lang.Integer 102
Dec 07, 2017 3:25:55 PM comp4004.poker.testcases.Log logmsg
INFO: Received a java.lang.Integer 2 from thread 11
Dec 07, 2017 3:25:55 PM comp4004.poker.testcases.Log logmsg
INFO: Thread 11: attempting to play card 2: Jack of Spades
Dec 07, 2017 3:25:55 PM comp4004.poker.testcases.Log logmsg
INFO: Thread 11 sending a java.lang.Integer 202
Dec 07, 2017 3:25:55 PM comp4004.poker.testcases.Log logmsg
INFO: Thread 11: successfully discarded card 2: Jack of Spades
Dec 07, 2017 3:25:55 PM comp4004.poker.testcases.Log logmsg
INFO: Thread 11 sending a java.lang.Integer 102
Dec 07, 2017 3:25:56 PM comp4004.poker.testcases.Log logmsg
INFO: Received a java.lang.Integer 104 from thread 11
Dec 07, 2017 3:25:56 PM comp4004.poker.testcases.Log logmsg
INFO: Thread 11: exchanged cards.
Dec 07, 2017 3:25:56 PM comp4004.poker.testcases.Log logmsg
INFO: Thread 11 sending a java.lang.Integer 104
Dec 07, 2017 3:25:56 PM comp4004.poker.testcases.Log logmsg
INFO: Thread 11 sending a java.lang.Integer 102
Dec 07, 2017 3:25:57 PM comp4004.poker.testcases.Log logmsg
INFO: Received a java.lang.Integer 103 from thread 11
Dec 07, 2017 3:25:57 PM comp4004.poker.testcases.Log logmsg
INFO: Thread 11: ended turn.
Dec 07, 2017 3:25:57 PM comp4004.poker.testcases.Log logmsg
INFO: Thread 12 sending a java.lang.Integer 302
Dec 07, 2017 3:25:57 PM comp4004.poker.testcases.Log logmsg
INFO: Thread 11 sending a java.lang.Integer 8999
Dec 07, 2017 3:25:57 PM comp4004.poker.testcases.Log logmsg
INFO: Thread 12 sending a java.lang.Long 11
Dec 07, 2017 3:25:57 PM comp4004.poker.testcases.Log logmsg
INFO: Thread 11 sending a java.lang.Long 12
Dec 07, 2017 3:25:57 PM comp4004.poker.testcases.Log logmsg
INFO: Thread 12 sending a java.lang.Integer 9001
