Dec 07, 2017 3:07:54 PM comp4004.poker.testcases.Log <init>
INFO: Logger Configured
Dec 07, 2017 3:08:08 PM comp4004.poker.testcases.Log logmsg
INFO: Thread 11 sending a java.lang.Integer 1
Dec 07, 2017 3:08:08 PM comp4004.poker.testcases.Log logmsg
INFO: Thread 12 sending a java.lang.Integer 2
Dec 07, 2017 3:08:08 PM comp4004.poker.testcases.Log logmsg
INFO: Thread 11 starting up.
Dec 07, 2017 3:08:08 PM comp4004.poker.testcases.Log logmsg
INFO: Thread 12 starting up.
Dec 07, 2017 3:08:08 PM comp4004.poker.testcases.Log logmsg
INFO: Thread 12 sending a java.lang.Integer 151
Dec 07, 2017 3:08:08 PM comp4004.poker.testcases.Log logmsg
INFO: Thread 12 sending a java.lang.Integer 102
Dec 07, 2017 3:08:11 PM comp4004.poker.testcases.Log logmsg
INFO: Received a java.lang.Integer 0 from thread 12
Dec 07, 2017 3:08:11 PM comp4004.poker.testcases.Log logmsg
INFO: Thread 12: attempting to play card 0: 3 of Hearts
Dec 07, 2017 3:08:11 PM comp4004.poker.testcases.Log logmsg
INFO: Thread 12 sending a java.lang.Integer 202
Dec 07, 2017 3:08:11 PM comp4004.poker.testcases.Log logmsg
INFO: Thread 12: successfully discarded card 0: 3 of Hearts
Dec 07, 2017 3:08:11 PM comp4004.poker.testcases.Log logmsg
INFO: Thread 12 sending a java.lang.Integer 102
Dec 07, 2017 3:08:14 PM comp4004.poker.testcases.Log logmsg
INFO: Received a java.lang.Integer 1 from thread 12
Dec 07, 2017 3:08:14 PM comp4004.poker.testcases.Log logmsg
INFO: Thread 12: attempting to play card 1: 9 of Spades
Dec 07, 2017 3:08:14 PM comp4004.poker.testcases.Log logmsg
INFO: Thread 12 sending a java.lang.Integer 202
Dec 07, 2017 3:08:14 PM comp4004.poker.testcases.Log logmsg
INFO: Thread 12: successfully discarded card 1: 9 of Spades
Dec 07, 2017 3:08:14 PM comp4004.poker.testcases.Log logmsg
INFO: Thread 12 sending a java.lang.Integer 102
Dec 07, 2017 3:08:15 PM comp4004.poker.testcases.Log logmsg
INFO: Received a java.lang.Integer 2 from thread 12
Dec 07, 2017 3:08:15 PM comp4004.poker.testcases.Log logmsg
INFO: Thread 12: attempting to play card 2: 6 of Diamonds
Dec 07, 2017 3:08:15 PM comp4004.poker.testcases.Log logmsg
INFO: Thread 12 sending a java.lang.Integer 202
Dec 07, 2017 3:08:15 PM comp4004.poker.testcases.Log logmsg
INFO: Thread 12: successfully discarded card 2: 6 of Diamonds
Dec 07, 2017 3:08:15 PM comp4004.poker.testcases.Log logmsg
INFO: Thread 12 sending a java.lang.Integer 102
Dec 07, 2017 3:08:17 PM comp4004.poker.testcases.Log logmsg
INFO: Received a java.lang.Integer 104 from thread 12
Dec 07, 2017 3:08:17 PM comp4004.poker.testcases.Log logmsg
INFO: Thread 12: exchanged cards.
Dec 07, 2017 3:08:17 PM comp4004.poker.testcases.Log logmsg
INFO: Thread 12 sending a java.lang.Integer 104
Dec 07, 2017 3:08:17 PM comp4004.poker.testcases.Log logmsg
INFO: Thread 12 sending a java.lang.Integer 102
Dec 07, 2017 3:08:19 PM comp4004.poker.testcases.Log logmsg
INFO: Received a java.lang.Integer 103 from thread 12
Dec 07, 2017 3:08:19 PM comp4004.poker.testcases.Log logmsg
INFO: Thread 12: ended turn.
Dec 07, 2017 3:08:19 PM comp4004.poker.testcases.Log logmsg
INFO: Thread 11 sending a java.lang.Integer 302
Dec 07, 2017 3:08:19 PM comp4004.poker.testcases.Log logmsg
INFO: Thread 11 sending a java.lang.Long 12
Dec 07, 2017 3:08:19 PM comp4004.poker.testcases.Log logmsg
INFO: Thread 11 sending a java.lang.Integer 151
Dec 07, 2017 3:08:19 PM comp4004.poker.testcases.Log logmsg
INFO: Thread 11 sending a java.lang.Integer 102
Dec 07, 2017 3:08:19 PM comp4004.poker.testcases.Log logmsg
INFO: Thread 12 sending a java.lang.Integer 8999
Dec 07, 2017 3:08:19 PM comp4004.poker.testcases.Log logmsg
INFO: Thread 12 sending a java.lang.String 11
Dec 07, 2017 3:08:29 PM comp4004.poker.testcases.Log logmsg
INFO: Received a java.lang.Integer 1 from thread 11
Dec 07, 2017 3:08:29 PM comp4004.poker.testcases.Log logmsg
INFO: Thread 11: attempting to play card 1: 4 of Clubs
Dec 07, 2017 3:08:29 PM comp4004.poker.testcases.Log logmsg
INFO: Thread 11 sending a java.lang.Integer 202
Dec 07, 2017 3:08:29 PM comp4004.poker.testcases.Log logmsg
INFO: Thread 11: successfully discarded card 1: 4 of Clubs
Dec 07, 2017 3:08:29 PM comp4004.poker.testcases.Log logmsg
INFO: Thread 11 sending a java.lang.Integer 102
Dec 07, 2017 3:08:31 PM comp4004.poker.testcases.Log logmsg
INFO: Received a java.lang.Integer 1 from thread 11
Dec 07, 2017 3:08:31 PM comp4004.poker.testcases.Log logmsg
INFO: Thread 11: attempting to play card 1: 2 of Spades
Dec 07, 2017 3:08:31 PM comp4004.poker.testcases.Log logmsg
INFO: Thread 11 sending a java.lang.Integer 202
Dec 07, 2017 3:08:31 PM comp4004.poker.testcases.Log logmsg
INFO: Thread 11: successfully discarded card 1: 2 of Spades
Dec 07, 2017 3:08:31 PM comp4004.poker.testcases.Log logmsg
INFO: Thread 11 sending a java.lang.Integer 102
Dec 07, 2017 3:08:32 PM comp4004.poker.testcases.Log logmsg
INFO: Received a java.lang.Integer 0 from thread 11
Dec 07, 2017 3:08:32 PM comp4004.poker.testcases.Log logmsg
INFO: Thread 11: attempting to play card 0: Jack of Diamonds
Dec 07, 2017 3:08:32 PM comp4004.poker.testcases.Log logmsg
INFO: Thread 11 sending a java.lang.Integer 202
Dec 07, 2017 3:08:32 PM comp4004.poker.testcases.Log logmsg
INFO: Thread 11: successfully discarded card 0: Jack of Diamonds
Dec 07, 2017 3:08:32 PM comp4004.poker.testcases.Log logmsg
INFO: Thread 11 sending a java.lang.Integer 102
Dec 07, 2017 3:08:34 PM comp4004.poker.testcases.Log logmsg
INFO: Received a java.lang.Integer 104 from thread 11
Dec 07, 2017 3:08:34 PM comp4004.poker.testcases.Log logmsg
INFO: Thread 11: exchanged cards.
Dec 07, 2017 3:08:34 PM comp4004.poker.testcases.Log logmsg
INFO: Thread 11 sending a java.lang.Integer 104
Dec 07, 2017 3:08:34 PM comp4004.poker.testcases.Log logmsg
INFO: Thread 11 sending a java.lang.Integer 102
Dec 07, 2017 3:08:35 PM comp4004.poker.testcases.Log logmsg
INFO: Received a java.lang.Integer 103 from thread 11
Dec 07, 2017 3:08:35 PM comp4004.poker.testcases.Log logmsg
INFO: Thread 11: ended turn.
Dec 07, 2017 3:08:35 PM comp4004.poker.testcases.Log logmsg
INFO: Thread 11 sending a java.lang.Integer 8999
Dec 07, 2017 3:08:35 PM comp4004.poker.testcases.Log logmsg
INFO: Thread 11 sending a java.lang.Long 12
