Dec 06, 2017 7:51:01 PM comp4004.poker.testcases.Log <init>
INFO: Logger Configured
Dec 06, 2017 7:51:13 PM comp4004.poker.testcases.Log logmsg
INFO: Thread 11 sending a java.lang.Integer 1
Dec 06, 2017 7:51:13 PM comp4004.poker.testcases.Log logmsg
INFO: Thread 12 sending a java.lang.Integer 2
Dec 06, 2017 7:51:14 PM comp4004.poker.testcases.Log logmsg
INFO: Thread 11 starting up.
Dec 06, 2017 7:51:14 PM comp4004.poker.testcases.Log logmsg
INFO: Thread 11 sending a java.lang.Integer 151
Dec 06, 2017 7:51:14 PM comp4004.poker.testcases.Log logmsg
INFO: Thread 12 starting up.
Dec 06, 2017 7:51:14 PM comp4004.poker.testcases.Log logmsg
INFO: Thread 11 sending a java.lang.Integer 103
Dec 06, 2017 7:51:17 PM comp4004.poker.testcases.Log logmsg
INFO: Received a java.lang.Integer 0 from thread 11
Dec 06, 2017 7:51:17 PM comp4004.poker.testcases.Log logmsg
INFO: Thread 11: attempting to play card 0: 4 of Hearts
Dec 06, 2017 7:51:17 PM comp4004.poker.testcases.Log logmsg
INFO: Thread 11 sending a java.lang.Integer 302
Dec 06, 2017 7:51:17 PM comp4004.poker.testcases.Log logmsg
INFO: Thread 11: successfully discarded card 0: 4 of Hearts
Dec 06, 2017 7:51:17 PM comp4004.poker.testcases.Log logmsg
INFO: Thread 11 sending a java.lang.Integer 103
Dec 06, 2017 7:51:19 PM comp4004.poker.testcases.Log logmsg
INFO: Received a java.lang.Integer 0 from thread 11
Dec 06, 2017 7:51:19 PM comp4004.poker.testcases.Log logmsg
INFO: Thread 11: attempting to play card 0: 7 of Spades
Dec 06, 2017 7:51:19 PM comp4004.poker.testcases.Log logmsg
INFO: Thread 11 sending a java.lang.Integer 302
Dec 06, 2017 7:51:19 PM comp4004.poker.testcases.Log logmsg
INFO: Thread 11: successfully discarded card 0: 7 of Spades
Dec 06, 2017 7:51:19 PM comp4004.poker.testcases.Log logmsg
INFO: Thread 11 sending a java.lang.Integer 103
Dec 06, 2017 7:51:21 PM comp4004.poker.testcases.Log logmsg
INFO: Received a java.lang.Integer 0 from thread 11
Dec 06, 2017 7:51:21 PM comp4004.poker.testcases.Log logmsg
INFO: Thread 11: attempting to play card 0: 2 of Hearts
Dec 06, 2017 7:51:21 PM comp4004.poker.testcases.Log logmsg
INFO: Thread 11 sending a java.lang.Integer 302
Dec 06, 2017 7:51:21 PM comp4004.poker.testcases.Log logmsg
INFO: Thread 11: successfully discarded card 0: 2 of Hearts
Dec 06, 2017 7:51:21 PM comp4004.poker.testcases.Log logmsg
INFO: Thread 11 sending a java.lang.Integer 103
Dec 06, 2017 7:51:22 PM comp4004.poker.testcases.Log logmsg
INFO: Received a java.lang.Integer 107 from thread 11
Dec 06, 2017 7:51:22 PM comp4004.poker.testcases.Log logmsg
INFO: Thread 11: exchanged cards.
Dec 06, 2017 7:51:22 PM comp4004.poker.testcases.Log logmsg
INFO: Thread 11 sending a java.lang.Integer 107
Dec 06, 2017 7:51:22 PM comp4004.poker.testcases.Log logmsg
INFO: Thread 11 sending a java.lang.Integer 103
Dec 06, 2017 7:51:24 PM comp4004.poker.testcases.Log logmsg
INFO: Received a java.lang.Integer 106 from thread 11
Dec 06, 2017 7:51:24 PM comp4004.poker.testcases.Log logmsg
INFO: Thread 11: ended turn.
Dec 06, 2017 7:51:24 PM comp4004.poker.testcases.Log logmsg
INFO: Thread 12 sending a java.lang.Integer 202
Dec 06, 2017 7:51:24 PM comp4004.poker.testcases.Log logmsg
INFO: Thread 12 sending a java.lang.Long 11
Dec 06, 2017 7:51:24 PM comp4004.poker.testcases.Log logmsg
INFO: Thread 12 sending a java.lang.Integer 151
Dec 06, 2017 7:51:24 PM comp4004.poker.testcases.Log logmsg
INFO: Thread 12 sending a java.lang.Integer 103
Dec 06, 2017 7:51:30 PM comp4004.poker.testcases.Log logmsg
INFO: Received a java.lang.Integer 0 from thread 12
Dec 06, 2017 7:51:30 PM comp4004.poker.testcases.Log logmsg
INFO: Thread 12: attempting to play card 0: 6 of Spades
Dec 06, 2017 7:51:30 PM comp4004.poker.testcases.Log logmsg
INFO: Thread 12 sending a java.lang.Integer 302
Dec 06, 2017 7:51:30 PM comp4004.poker.testcases.Log logmsg
INFO: Thread 12: successfully discarded card 0: 6 of Spades
Dec 06, 2017 7:51:30 PM comp4004.poker.testcases.Log logmsg
INFO: Thread 12 sending a java.lang.Integer 103
Dec 06, 2017 7:51:31 PM comp4004.poker.testcases.Log logmsg
INFO: Received a java.lang.Integer 107 from thread 12
Dec 06, 2017 7:51:31 PM comp4004.poker.testcases.Log logmsg
INFO: Thread 12: exchanged cards.
Dec 06, 2017 7:51:31 PM comp4004.poker.testcases.Log logmsg
INFO: Thread 12 sending a java.lang.Integer 107
Dec 06, 2017 7:51:31 PM comp4004.poker.testcases.Log logmsg
INFO: Thread 12 sending a java.lang.Integer 103
Dec 06, 2017 7:51:33 PM comp4004.poker.testcases.Log logmsg
INFO: Received a java.lang.Integer 106 from thread 12
Dec 06, 2017 7:51:33 PM comp4004.poker.testcases.Log logmsg
INFO: Thread 12: ended turn.
Dec 06, 2017 7:51:33 PM comp4004.poker.testcases.Log logmsg
INFO: Thread 11 sending a java.lang.Integer 202
Dec 06, 2017 7:51:33 PM comp4004.poker.testcases.Log logmsg
INFO: Thread 12 sending a java.lang.Integer 8999
Dec 06, 2017 7:51:33 PM comp4004.poker.testcases.Log logmsg
INFO: Thread 12 sending a java.lang.Long 11
Dec 06, 2017 7:51:33 PM comp4004.poker.testcases.Log logmsg
INFO: Thread 11 sending a java.lang.Long 12
Dec 06, 2017 7:51:33 PM comp4004.poker.testcases.Log logmsg
INFO: Thread 11 sending a java.lang.Integer 9001
