Dec 06, 2017 7:48:03 PM comp4004.poker.testcases.Log <init>
INFO: Logger Configured
Dec 06, 2017 7:48:16 PM comp4004.poker.testcases.Log logmsg
INFO: Thread 11 sending a java.lang.Integer 1
Dec 06, 2017 7:48:16 PM comp4004.poker.testcases.Log logmsg
INFO: Thread 12 sending a java.lang.Integer 2
Dec 06, 2017 7:48:16 PM comp4004.poker.testcases.Log logmsg
INFO: Thread 12 starting up.
Dec 06, 2017 7:48:16 PM comp4004.poker.testcases.Log logmsg
INFO: Thread 11 starting up.
Dec 06, 2017 7:48:16 PM comp4004.poker.testcases.Log logmsg
INFO: Thread 11 sending a java.lang.Integer 151
Dec 06, 2017 7:48:16 PM comp4004.poker.testcases.Log logmsg
INFO: Thread 11 sending a java.lang.Integer 103
Dec 06, 2017 7:48:21 PM comp4004.poker.testcases.Log logmsg
INFO: Received a java.lang.Integer 0 from thread 11
Dec 06, 2017 7:48:21 PM comp4004.poker.testcases.Log logmsg
INFO: Thread 11: attempting to play card 0: 2 of Spades
Dec 06, 2017 7:48:21 PM comp4004.poker.testcases.Log logmsg
INFO: Thread 11 sending a java.lang.Integer 302
Dec 06, 2017 7:48:21 PM comp4004.poker.testcases.Log logmsg
INFO: Thread 11: successfully discarded card 0: 2 of Spades
Dec 06, 2017 7:48:21 PM comp4004.poker.testcases.Log logmsg
INFO: Thread 11 sending a java.lang.Integer 103
Dec 06, 2017 7:48:23 PM comp4004.poker.testcases.Log logmsg
INFO: Received a java.lang.Integer 0 from thread 11
Dec 06, 2017 7:48:23 PM comp4004.poker.testcases.Log logmsg
INFO: Thread 11: attempting to play card 0: Jack of Diamonds
Dec 06, 2017 7:48:23 PM comp4004.poker.testcases.Log logmsg
INFO: Thread 11 sending a java.lang.Integer 302
Dec 06, 2017 7:48:23 PM comp4004.poker.testcases.Log logmsg
INFO: Thread 11: successfully discarded card 0: Jack of Diamonds
Dec 06, 2017 7:48:23 PM comp4004.poker.testcases.Log logmsg
INFO: Thread 11 sending a java.lang.Integer 103
Dec 06, 2017 7:48:24 PM comp4004.poker.testcases.Log logmsg
INFO: Received a java.lang.Integer 107 from thread 11
Dec 06, 2017 7:48:24 PM comp4004.poker.testcases.Log logmsg
INFO: Thread 11: exchanged cards.
Dec 06, 2017 7:48:24 PM comp4004.poker.testcases.Log logmsg
INFO: Thread 11 sending a java.lang.Integer 107
Dec 06, 2017 7:48:24 PM comp4004.poker.testcases.Log logmsg
INFO: Thread 11 sending a java.lang.Integer 103
Dec 06, 2017 7:48:26 PM comp4004.poker.testcases.Log logmsg
INFO: Received a java.lang.Integer 106 from thread 11
Dec 06, 2017 7:48:26 PM comp4004.poker.testcases.Log logmsg
INFO: Thread 11: ended turn.
Dec 06, 2017 7:48:26 PM comp4004.poker.testcases.Log logmsg
INFO: Thread 12 sending a java.lang.Integer 202
Dec 06, 2017 7:48:26 PM comp4004.poker.testcases.Log logmsg
INFO: Thread 12 sending a java.lang.Long 11
Dec 06, 2017 7:48:26 PM comp4004.poker.testcases.Log logmsg
INFO: Thread 12 sending a java.lang.Integer 151
Dec 06, 2017 7:48:26 PM comp4004.poker.testcases.Log logmsg
INFO: Thread 12 sending a java.lang.Integer 103
Dec 06, 2017 7:48:31 PM comp4004.poker.testcases.Log logmsg
INFO: Received a java.lang.Integer 1 from thread 12
Dec 06, 2017 7:48:31 PM comp4004.poker.testcases.Log logmsg
INFO: Thread 12: attempting to play card 1: 8 of Clubs
Dec 06, 2017 7:48:31 PM comp4004.poker.testcases.Log logmsg
INFO: Thread 12 sending a java.lang.Integer 302
Dec 06, 2017 7:48:31 PM comp4004.poker.testcases.Log logmsg
INFO: Thread 12: successfully discarded card 1: 8 of Clubs
Dec 06, 2017 7:48:31 PM comp4004.poker.testcases.Log logmsg
INFO: Thread 12 sending a java.lang.Integer 103
Dec 06, 2017 7:48:33 PM comp4004.poker.testcases.Log logmsg
INFO: Received a java.lang.Integer 1 from thread 12
Dec 06, 2017 7:48:33 PM comp4004.poker.testcases.Log logmsg
INFO: Thread 12: attempting to play card 1: 2 of Clubs
Dec 06, 2017 7:48:33 PM comp4004.poker.testcases.Log logmsg
INFO: Thread 12 sending a java.lang.Integer 302
Dec 06, 2017 7:48:33 PM comp4004.poker.testcases.Log logmsg
INFO: Thread 12: successfully discarded card 1: 2 of Clubs
Dec 06, 2017 7:48:33 PM comp4004.poker.testcases.Log logmsg
INFO: Thread 12 sending a java.lang.Integer 103
Dec 06, 2017 7:48:35 PM comp4004.poker.testcases.Log logmsg
INFO: Received a java.lang.Integer 1 from thread 12
Dec 06, 2017 7:48:35 PM comp4004.poker.testcases.Log logmsg
INFO: Thread 12: attempting to play card 1: 6 of Spades
Dec 06, 2017 7:48:35 PM comp4004.poker.testcases.Log logmsg
INFO: Thread 12 sending a java.lang.Integer 302
Dec 06, 2017 7:48:35 PM comp4004.poker.testcases.Log logmsg
INFO: Thread 12: successfully discarded card 1: 6 of Spades
Dec 06, 2017 7:48:35 PM comp4004.poker.testcases.Log logmsg
INFO: Thread 12 sending a java.lang.Integer 103
Dec 06, 2017 7:48:37 PM comp4004.poker.testcases.Log logmsg
INFO: Received a java.lang.Integer 107 from thread 12
Dec 06, 2017 7:48:37 PM comp4004.poker.testcases.Log logmsg
INFO: Thread 12: exchanged cards.
Dec 06, 2017 7:48:37 PM comp4004.poker.testcases.Log logmsg
INFO: Thread 12 sending a java.lang.Integer 107
Dec 06, 2017 7:48:37 PM comp4004.poker.testcases.Log logmsg
INFO: Thread 12 sending a java.lang.Integer 103
Dec 06, 2017 7:48:39 PM comp4004.poker.testcases.Log logmsg
INFO: Received a java.lang.Integer 106 from thread 12
Dec 06, 2017 7:48:39 PM comp4004.poker.testcases.Log logmsg
INFO: Thread 12: ended turn.
Dec 06, 2017 7:48:39 PM comp4004.poker.testcases.Log logmsg
INFO: Thread 11 sending a java.lang.Integer 202
Dec 06, 2017 7:48:39 PM comp4004.poker.testcases.Log logmsg
INFO: Thread 11 sending a java.lang.Long 12
Dec 06, 2017 7:48:39 PM comp4004.poker.testcases.Log logmsg
INFO: Thread 11 sending a java.lang.Integer 151
Dec 06, 2017 7:48:39 PM comp4004.poker.testcases.Log logmsg
INFO: Thread 11 sending a java.lang.Integer 103
