Dec 08, 2017 12:20:41 AM comp4004.poker.testcases.Log <init>
INFO: Logger Configured
Dec 08, 2017 12:21:28 AM comp4004.poker.testcases.Log logmsg
INFO: Thread 13 starting up.
Dec 08, 2017 12:21:28 AM comp4004.poker.testcases.Log logmsg
INFO: Thread 11 sending a java.lang.Integer 1
Dec 08, 2017 12:21:28 AM comp4004.poker.testcases.Log logmsg
INFO: Thread 12 starting up.
Dec 08, 2017 12:21:28 AM comp4004.poker.testcases.Log logmsg
INFO: Thread 13: ended turn.
Dec 08, 2017 12:21:28 AM comp4004.poker.testcases.Log logmsg
INFO: Thread 11 starting up.
Dec 08, 2017 12:21:28 AM comp4004.poker.testcases.Log logmsg
INFO: Thread 11 sending a java.lang.Integer 302
Dec 08, 2017 12:21:28 AM comp4004.poker.testcases.Log logmsg
INFO: Thread 11 sending a java.lang.Long 13
Dec 08, 2017 12:21:28 AM comp4004.poker.testcases.Log logmsg
INFO: Thread 11 sending a java.lang.Integer 302
Dec 08, 2017 12:21:28 AM comp4004.poker.testcases.Log logmsg
INFO: Thread 11 sending a java.lang.Long 13
