Dec 06, 2017 8:02:08 PM comp4004.poker.testcases.Log <init>
INFO: Logger Configured
Dec 06, 2017 8:02:25 PM comp4004.poker.testcases.Log logmsg
INFO: Thread 11 sending a java.lang.Integer 1
Dec 06, 2017 8:02:25 PM comp4004.poker.testcases.Log logmsg
INFO: Thread 12 sending a java.lang.Integer 2
Dec 06, 2017 8:02:25 PM comp4004.poker.testcases.Log logmsg
INFO: Thread 12 starting up.
Dec 06, 2017 8:02:25 PM comp4004.poker.testcases.Log logmsg
INFO: Thread 11 starting up.
Dec 06, 2017 8:02:25 PM comp4004.poker.testcases.Log logmsg
INFO: Thread 11 sending a java.lang.Integer 151
Dec 06, 2017 8:02:25 PM comp4004.poker.testcases.Log logmsg
INFO: Thread 11 sending a java.lang.Integer 103
Dec 06, 2017 8:02:30 PM comp4004.poker.testcases.Log logmsg
INFO: Received a java.lang.Integer 1 from thread 11
Dec 06, 2017 8:02:30 PM comp4004.poker.testcases.Log logmsg
INFO: Thread 11: attempting to play card 1: 8 of Clubs
Dec 06, 2017 8:02:30 PM comp4004.poker.testcases.Log logmsg
INFO: Thread 11 sending a java.lang.Integer 302
Dec 06, 2017 8:02:30 PM comp4004.poker.testcases.Log logmsg
INFO: Thread 11: successfully discarded card 1: 8 of Clubs
Dec 06, 2017 8:02:30 PM comp4004.poker.testcases.Log logmsg
INFO: Thread 11 sending a java.lang.Integer 103
Dec 06, 2017 8:02:32 PM comp4004.poker.testcases.Log logmsg
INFO: Received a java.lang.Integer 1 from thread 11
Dec 06, 2017 8:02:32 PM comp4004.poker.testcases.Log logmsg
INFO: Thread 11: attempting to play card 1: 4 of Spades
Dec 06, 2017 8:02:32 PM comp4004.poker.testcases.Log logmsg
INFO: Thread 11 sending a java.lang.Integer 302
Dec 06, 2017 8:02:32 PM comp4004.poker.testcases.Log logmsg
INFO: Thread 11: successfully discarded card 1: 4 of Spades
Dec 06, 2017 8:02:32 PM comp4004.poker.testcases.Log logmsg
INFO: Thread 11 sending a java.lang.Integer 103
Dec 06, 2017 8:02:34 PM comp4004.poker.testcases.Log logmsg
INFO: Received a java.lang.Integer 2 from thread 11
Dec 06, 2017 8:02:34 PM comp4004.poker.testcases.Log logmsg
INFO: Thread 11: attempting to play card 2: 2 of Diamonds
Dec 06, 2017 8:02:34 PM comp4004.poker.testcases.Log logmsg
INFO: Thread 11 sending a java.lang.Integer 302
Dec 06, 2017 8:02:34 PM comp4004.poker.testcases.Log logmsg
INFO: Thread 11: successfully discarded card 2: 2 of Diamonds
Dec 06, 2017 8:02:34 PM comp4004.poker.testcases.Log logmsg
INFO: Thread 11 sending a java.lang.Integer 103
Dec 06, 2017 8:02:35 PM comp4004.poker.testcases.Log logmsg
INFO: Received a java.lang.Integer 107 from thread 11
Dec 06, 2017 8:02:35 PM comp4004.poker.testcases.Log logmsg
INFO: Thread 11: exchanged cards.
Dec 06, 2017 8:02:35 PM comp4004.poker.testcases.Log logmsg
INFO: Thread 11 sending a java.lang.Integer 107
Dec 06, 2017 8:02:35 PM comp4004.poker.testcases.Log logmsg
INFO: Thread 11 sending a java.lang.Integer 103
Dec 06, 2017 8:02:37 PM comp4004.poker.testcases.Log logmsg
INFO: Received a java.lang.Integer 106 from thread 11
Dec 06, 2017 8:02:37 PM comp4004.poker.testcases.Log logmsg
INFO: Thread 11: ended turn.
Dec 06, 2017 8:02:37 PM comp4004.poker.testcases.Log logmsg
INFO: Thread 12 sending a java.lang.Integer 202
Dec 06, 2017 8:02:37 PM comp4004.poker.testcases.Log logmsg
INFO: Thread 12 sending a java.lang.Long 11
Dec 06, 2017 8:02:37 PM comp4004.poker.testcases.Log logmsg
INFO: Thread 12 sending a java.lang.Integer 151
Dec 06, 2017 8:02:37 PM comp4004.poker.testcases.Log logmsg
INFO: Thread 12 sending a java.lang.Integer 103
Dec 06, 2017 8:02:42 PM comp4004.poker.testcases.Log logmsg
INFO: Received a java.lang.Integer 1 from thread 12
Dec 06, 2017 8:02:42 PM comp4004.poker.testcases.Log logmsg
INFO: Thread 12: attempting to play card 1: 5 of Spades
Dec 06, 2017 8:02:42 PM comp4004.poker.testcases.Log logmsg
INFO: Thread 12 sending a java.lang.Integer 302
Dec 06, 2017 8:02:42 PM comp4004.poker.testcases.Log logmsg
INFO: Thread 12: successfully discarded card 1: 5 of Spades
Dec 06, 2017 8:02:42 PM comp4004.poker.testcases.Log logmsg
INFO: Thread 12 sending a java.lang.Integer 103
Dec 06, 2017 8:02:44 PM comp4004.poker.testcases.Log logmsg
INFO: Received a java.lang.Integer 2 from thread 12
Dec 06, 2017 8:02:44 PM comp4004.poker.testcases.Log logmsg
INFO: Thread 12: attempting to play card 2: 8 of Spades
Dec 06, 2017 8:02:44 PM comp4004.poker.testcases.Log logmsg
INFO: Thread 12 sending a java.lang.Integer 302
Dec 06, 2017 8:02:44 PM comp4004.poker.testcases.Log logmsg
INFO: Thread 12: successfully discarded card 2: 8 of Spades
Dec 06, 2017 8:02:44 PM comp4004.poker.testcases.Log logmsg
INFO: Thread 12 sending a java.lang.Integer 103
Dec 06, 2017 8:02:45 PM comp4004.poker.testcases.Log logmsg
INFO: Received a java.lang.Integer 107 from thread 12
Dec 06, 2017 8:02:45 PM comp4004.poker.testcases.Log logmsg
INFO: Thread 12: exchanged cards.
Dec 06, 2017 8:02:45 PM comp4004.poker.testcases.Log logmsg
INFO: Thread 12 sending a java.lang.Integer 107
Dec 06, 2017 8:02:45 PM comp4004.poker.testcases.Log logmsg
INFO: Thread 12 sending a java.lang.Integer 103
Dec 06, 2017 8:02:47 PM comp4004.poker.testcases.Log logmsg
INFO: Received a java.lang.Integer 106 from thread 12
Dec 06, 2017 8:02:47 PM comp4004.poker.testcases.Log logmsg
INFO: Thread 12: ended turn.
Dec 06, 2017 8:02:47 PM comp4004.poker.testcases.Log logmsg
INFO: Thread 11 sending a java.lang.Integer 202
Dec 06, 2017 8:02:47 PM comp4004.poker.testcases.Log logmsg
INFO: Thread 12 sending a java.lang.Integer 9001
Dec 06, 2017 8:02:47 PM comp4004.poker.testcases.Log logmsg
INFO: Thread 11 sending a java.lang.Long 12
Dec 06, 2017 8:02:47 PM comp4004.poker.testcases.Log logmsg
INFO: Thread 11 sending a java.lang.Integer 8999
Dec 06, 2017 8:02:47 PM comp4004.poker.testcases.Log logmsg
INFO: Thread 11 sending a java.lang.Long 12
