Dec 06, 2017 3:00:33 PM comp4004.poker.testcases.Log <init>
INFO: Logger Configured
Dec 06, 2017 3:00:48 PM comp4004.poker.testcases.Log logmsg
INFO: Thread 12 sending a java.lang.Integer 2
Dec 06, 2017 3:00:48 PM comp4004.poker.testcases.Log logmsg
INFO: Thread 11 sending a java.lang.Integer 1
Dec 06, 2017 3:00:48 PM comp4004.poker.testcases.Log logmsg
INFO: Thread 12 starting up.
Dec 06, 2017 3:00:48 PM comp4004.poker.testcases.Log logmsg
INFO: Thread 12 sending a java.lang.Integer 151
Dec 06, 2017 3:00:48 PM comp4004.poker.testcases.Log logmsg
INFO: Thread 12 sending a java.lang.Integer 103
Dec 06, 2017 3:00:48 PM comp4004.poker.testcases.Log logmsg
INFO: Thread 11 starting up.
Dec 06, 2017 3:00:53 PM comp4004.poker.testcases.Log logmsg
INFO: Received a java.lang.Integer 1 from thread 12
Dec 06, 2017 3:00:53 PM comp4004.poker.testcases.Log logmsg
INFO: Thread 12: attempting to play card 1: Queen of Hearts
Dec 06, 2017 3:00:53 PM comp4004.poker.testcases.Log logmsg
INFO: Thread 12 sending a java.lang.Integer 302
Dec 06, 2017 3:00:53 PM comp4004.poker.testcases.Log logmsg
INFO: Thread 12: successfully exchanged card 1: Queen of Hearts
Dec 06, 2017 3:00:53 PM comp4004.poker.testcases.Log logmsg
INFO: Thread 12 sending a java.lang.Integer 103
Dec 06, 2017 3:00:55 PM comp4004.poker.testcases.Log logmsg
INFO: Received a java.lang.Integer 106 from thread 12
Dec 06, 2017 3:00:55 PM comp4004.poker.testcases.Log logmsg
INFO: Thread 12: ended turn.
Dec 06, 2017 3:00:55 PM comp4004.poker.testcases.Log logmsg
INFO: Thread 11 sending a java.lang.Integer 202
Dec 06, 2017 3:00:55 PM comp4004.poker.testcases.Log logmsg
INFO: Thread 11 sending a java.lang.Long 12
Dec 06, 2017 3:00:55 PM comp4004.poker.testcases.Log logmsg
INFO: Thread 11 sending a java.lang.Integer 151
Dec 06, 2017 3:00:55 PM comp4004.poker.testcases.Log logmsg
INFO: Thread 11 sending a java.lang.Integer 103
Dec 06, 2017 3:01:08 PM comp4004.poker.testcases.Log logmsg
INFO: Received a java.lang.Integer 0 from thread 11
Dec 06, 2017 3:01:08 PM comp4004.poker.testcases.Log logmsg
INFO: Thread 11: attempting to play card 0: 3 of Clubs
Dec 06, 2017 3:01:08 PM comp4004.poker.testcases.Log logmsg
INFO: Thread 11 sending a java.lang.Integer 302
Dec 06, 2017 3:01:08 PM comp4004.poker.testcases.Log logmsg
INFO: Thread 11: successfully exchanged card 0: 3 of Clubs
Dec 06, 2017 3:01:08 PM comp4004.poker.testcases.Log logmsg
INFO: Thread 11 sending a java.lang.Integer 103
Dec 06, 2017 3:01:11 PM comp4004.poker.testcases.Log logmsg
INFO: Received a java.lang.Integer 0 from thread 11
Dec 06, 2017 3:01:11 PM comp4004.poker.testcases.Log logmsg
INFO: Thread 11: attempting to play card 0: 6 of Hearts
Dec 06, 2017 3:01:11 PM comp4004.poker.testcases.Log logmsg
INFO: Thread 11 sending a java.lang.Integer 302
Dec 06, 2017 3:01:11 PM comp4004.poker.testcases.Log logmsg
INFO: Thread 11: successfully exchanged card 0: 6 of Hearts
Dec 06, 2017 3:01:11 PM comp4004.poker.testcases.Log logmsg
INFO: Thread 11 sending a java.lang.Integer 103
Dec 06, 2017 3:01:12 PM comp4004.poker.testcases.Log logmsg
INFO: Received a java.lang.Integer 0 from thread 11
Dec 06, 2017 3:01:12 PM comp4004.poker.testcases.Log logmsg
INFO: Thread 11: attempting to play card 0: 9 of Clubs
Dec 06, 2017 3:01:12 PM comp4004.poker.testcases.Log logmsg
INFO: Thread 11 sending a java.lang.Integer 302
Dec 06, 2017 3:01:12 PM comp4004.poker.testcases.Log logmsg
INFO: Thread 11: successfully exchanged card 0: 9 of Clubs
Dec 06, 2017 3:01:12 PM comp4004.poker.testcases.Log logmsg
INFO: Thread 11 sending a java.lang.Integer 103
Dec 06, 2017 3:01:17 PM comp4004.poker.testcases.Log logmsg
INFO: Received a java.lang.Integer 106 from thread 11
Dec 06, 2017 3:01:17 PM comp4004.poker.testcases.Log logmsg
INFO: Thread 11: ended turn.
Dec 06, 2017 3:01:17 PM comp4004.poker.testcases.Log logmsg
INFO: Thread 12 sending a java.lang.Integer 202
Dec 06, 2017 3:01:17 PM comp4004.poker.testcases.Log logmsg
INFO: Thread 12 sending a java.lang.Long 11
