Dec 06, 2017 9:58:55 PM comp4004.poker.testcases.Log <init>
INFO: Logger Configured
Dec 06, 2017 9:59:05 PM comp4004.poker.testcases.Log logmsg
INFO: Thread 12 sending a java.lang.Integer 2
Dec 06, 2017 9:59:05 PM comp4004.poker.testcases.Log logmsg
INFO: Thread 11 sending a java.lang.Integer 1
Dec 06, 2017 9:59:05 PM comp4004.poker.testcases.Log logmsg
INFO: Thread 12 starting up.
Dec 06, 2017 9:59:05 PM comp4004.poker.testcases.Log logmsg
INFO: Thread 11 starting up.
Dec 06, 2017 9:59:05 PM comp4004.poker.testcases.Log logmsg
INFO: Thread 11 sending a java.lang.Integer 151
Dec 06, 2017 9:59:05 PM comp4004.poker.testcases.Log logmsg
INFO: Thread 11 sending a java.lang.Integer 103
Dec 06, 2017 9:59:08 PM comp4004.poker.testcases.Log logmsg
INFO: Received a java.lang.Integer 0 from thread 11
Dec 06, 2017 9:59:08 PM comp4004.poker.testcases.Log logmsg
INFO: Thread 11: attempting to play card 0: 4 of Clubs
Dec 06, 2017 9:59:08 PM comp4004.poker.testcases.Log logmsg
INFO: Thread 11 sending a java.lang.Integer 302
Dec 06, 2017 9:59:08 PM comp4004.poker.testcases.Log logmsg
INFO: Thread 11: successfully discarded card 0: 4 of Clubs
Dec 06, 2017 9:59:08 PM comp4004.poker.testcases.Log logmsg
INFO: Thread 11 sending a java.lang.Integer 103
Dec 06, 2017 9:59:10 PM comp4004.poker.testcases.Log logmsg
INFO: Received a java.lang.Integer 0 from thread 11
Dec 06, 2017 9:59:10 PM comp4004.poker.testcases.Log logmsg
INFO: Thread 11: attempting to play card 0: 9 of Diamonds
Dec 06, 2017 9:59:10 PM comp4004.poker.testcases.Log logmsg
INFO: Thread 11 sending a java.lang.Integer 302
Dec 06, 2017 9:59:10 PM comp4004.poker.testcases.Log logmsg
INFO: Thread 11: successfully discarded card 0: 9 of Diamonds
Dec 06, 2017 9:59:10 PM comp4004.poker.testcases.Log logmsg
INFO: Thread 11 sending a java.lang.Integer 103
Dec 06, 2017 9:59:12 PM comp4004.poker.testcases.Log logmsg
INFO: Received a java.lang.Integer 2 from thread 11
Dec 06, 2017 9:59:12 PM comp4004.poker.testcases.Log logmsg
INFO: Thread 11: attempting to play card 2: 7 of Spades
Dec 06, 2017 9:59:12 PM comp4004.poker.testcases.Log logmsg
INFO: Thread 11 sending a java.lang.Integer 302
Dec 06, 2017 9:59:12 PM comp4004.poker.testcases.Log logmsg
INFO: Thread 11: successfully discarded card 2: 7 of Spades
Dec 06, 2017 9:59:12 PM comp4004.poker.testcases.Log logmsg
INFO: Thread 11 sending a java.lang.Integer 103
Dec 06, 2017 9:59:14 PM comp4004.poker.testcases.Log logmsg
INFO: Received a java.lang.Integer 107 from thread 11
Dec 06, 2017 9:59:14 PM comp4004.poker.testcases.Log logmsg
INFO: Thread 11: exchanged cards.
Dec 06, 2017 9:59:14 PM comp4004.poker.testcases.Log logmsg
INFO: Thread 11 sending a java.lang.Integer 107
Dec 06, 2017 9:59:14 PM comp4004.poker.testcases.Log logmsg
INFO: Thread 11 sending a java.lang.Integer 103
Dec 06, 2017 9:59:16 PM comp4004.poker.testcases.Log logmsg
INFO: Received a java.lang.Integer 106 from thread 11
Dec 06, 2017 9:59:16 PM comp4004.poker.testcases.Log logmsg
INFO: Thread 11: ended turn.
Dec 06, 2017 9:59:16 PM comp4004.poker.testcases.Log logmsg
INFO: Thread 12 sending a java.lang.Integer 202
Dec 06, 2017 9:59:16 PM comp4004.poker.testcases.Log logmsg
INFO: Thread 12 sending a java.lang.Long 11
Dec 06, 2017 9:59:16 PM comp4004.poker.testcases.Log logmsg
INFO: Thread 12 sending a java.lang.Integer 151
Dec 06, 2017 9:59:16 PM comp4004.poker.testcases.Log logmsg
INFO: Thread 12 sending a java.lang.Integer 103
Dec 06, 2017 9:59:20 PM comp4004.poker.testcases.Log logmsg
INFO: Received a java.lang.Integer 2 from thread 12
Dec 06, 2017 9:59:20 PM comp4004.poker.testcases.Log logmsg
INFO: Thread 12: attempting to play card 2: 8 of Spades
Dec 06, 2017 9:59:20 PM comp4004.poker.testcases.Log logmsg
INFO: Thread 12 sending a java.lang.Integer 302
Dec 06, 2017 9:59:20 PM comp4004.poker.testcases.Log logmsg
INFO: Thread 12: successfully discarded card 2: 8 of Spades
Dec 06, 2017 9:59:20 PM comp4004.poker.testcases.Log logmsg
INFO: Thread 12 sending a java.lang.Integer 103
Dec 06, 2017 9:59:22 PM comp4004.poker.testcases.Log logmsg
INFO: Received a java.lang.Integer 0 from thread 12
Dec 06, 2017 9:59:22 PM comp4004.poker.testcases.Log logmsg
INFO: Thread 12: attempting to play card 0: 6 of Diamonds
Dec 06, 2017 9:59:22 PM comp4004.poker.testcases.Log logmsg
INFO: Thread 12 sending a java.lang.Integer 302
Dec 06, 2017 9:59:22 PM comp4004.poker.testcases.Log logmsg
INFO: Thread 12: successfully discarded card 0: 6 of Diamonds
Dec 06, 2017 9:59:22 PM comp4004.poker.testcases.Log logmsg
INFO: Thread 12 sending a java.lang.Integer 103
Dec 06, 2017 9:59:24 PM comp4004.poker.testcases.Log logmsg
INFO: Received a java.lang.Integer 2 from thread 12
Dec 06, 2017 9:59:24 PM comp4004.poker.testcases.Log logmsg
INFO: Thread 12: attempting to play card 2: Jack of Diamonds
Dec 06, 2017 9:59:24 PM comp4004.poker.testcases.Log logmsg
INFO: Thread 12 sending a java.lang.Integer 302
Dec 06, 2017 9:59:24 PM comp4004.poker.testcases.Log logmsg
INFO: Thread 12: successfully discarded card 2: Jack of Diamonds
Dec 06, 2017 9:59:24 PM comp4004.poker.testcases.Log logmsg
INFO: Thread 12 sending a java.lang.Integer 103
Dec 06, 2017 9:59:26 PM comp4004.poker.testcases.Log logmsg
INFO: Received a java.lang.Integer 107 from thread 12
Dec 06, 2017 9:59:26 PM comp4004.poker.testcases.Log logmsg
INFO: Thread 12: exchanged cards.
Dec 06, 2017 9:59:26 PM comp4004.poker.testcases.Log logmsg
INFO: Thread 12 sending a java.lang.Integer 107
Dec 06, 2017 9:59:26 PM comp4004.poker.testcases.Log logmsg
INFO: Thread 12 sending a java.lang.Integer 103
Dec 06, 2017 9:59:27 PM comp4004.poker.testcases.Log logmsg
INFO: Received a java.lang.Integer 106 from thread 12
Dec 06, 2017 9:59:27 PM comp4004.poker.testcases.Log logmsg
INFO: Thread 12: ended turn.
Dec 06, 2017 9:59:27 PM comp4004.poker.testcases.Log logmsg
INFO: Thread 11 sending a java.lang.Integer 202
Dec 06, 2017 9:59:27 PM comp4004.poker.testcases.Log logmsg
INFO: Thread 12 sending a java.lang.Integer 9001
Dec 06, 2017 9:59:27 PM comp4004.poker.testcases.Log logmsg
INFO: Thread 11 sending a java.lang.Long 12
Dec 06, 2017 9:59:27 PM comp4004.poker.testcases.Log logmsg
INFO: Thread 11 sending a java.lang.Integer 8999
Dec 06, 2017 9:59:27 PM comp4004.poker.testcases.Log logmsg
INFO: Thread 11 sending a java.lang.Long 12
