Dec 07, 2017 11:51:03 PM comp4004.poker.testcases.Log <init>
INFO: Logger Configured
Dec 07, 2017 11:51:30 PM comp4004.poker.testcases.Log logmsg
INFO: Thread 11 sending a java.lang.Integer 1
Dec 07, 2017 11:51:30 PM comp4004.poker.testcases.Log logmsg
INFO: Thread 12 sending a java.lang.Integer 2
Dec 07, 2017 11:51:30 PM comp4004.poker.testcases.Log logmsg
INFO: Thread 11 starting up.
Dec 07, 2017 11:51:30 PM comp4004.poker.testcases.Log logmsg
INFO: Thread 12 starting up.
Dec 07, 2017 11:51:30 PM comp4004.poker.testcases.Log logmsg
INFO: Thread 12 sending a java.lang.Integer 151
Dec 07, 2017 11:51:30 PM comp4004.poker.testcases.Log logmsg
INFO: Thread 12 sending a java.lang.Integer 102
Dec 07, 2017 11:51:33 PM comp4004.poker.testcases.Log logmsg
INFO: Received a java.lang.Integer 1 from thread 12
Dec 07, 2017 11:51:33 PM comp4004.poker.testcases.Log logmsg
INFO: Thread 12: attempting to play card 1: 6 of Clubs
Dec 07, 2017 11:51:33 PM comp4004.poker.testcases.Log logmsg
INFO: Thread 12 sending a java.lang.Integer 202
Dec 07, 2017 11:51:33 PM comp4004.poker.testcases.Log logmsg
INFO: Thread 12: successfully discarded card 1: 6 of Clubs
Dec 07, 2017 11:51:33 PM comp4004.poker.testcases.Log logmsg
INFO: Thread 12 sending a java.lang.Integer 102
Dec 07, 2017 11:51:35 PM comp4004.poker.testcases.Log logmsg
INFO: Received a java.lang.Integer 2 from thread 12
Dec 07, 2017 11:51:35 PM comp4004.poker.testcases.Log logmsg
INFO: Thread 12: attempting to play card 2: 8 of Hearts
Dec 07, 2017 11:51:35 PM comp4004.poker.testcases.Log logmsg
INFO: Thread 12 sending a java.lang.Integer 202
Dec 07, 2017 11:51:35 PM comp4004.poker.testcases.Log logmsg
INFO: Thread 12: successfully discarded card 2: 8 of Hearts
Dec 07, 2017 11:51:35 PM comp4004.poker.testcases.Log logmsg
INFO: Thread 12 sending a java.lang.Integer 102
Dec 07, 2017 11:51:37 PM comp4004.poker.testcases.Log logmsg
INFO: Received a java.lang.Integer 104 from thread 12
Dec 07, 2017 11:51:37 PM comp4004.poker.testcases.Log logmsg
INFO: Thread 12: exchanged cards.
Dec 07, 2017 11:51:37 PM comp4004.poker.testcases.Log logmsg
INFO: Thread 12 sending a java.lang.Integer 104
Dec 07, 2017 11:51:37 PM comp4004.poker.testcases.Log logmsg
INFO: Thread 12 sending a java.lang.Integer 102
Dec 07, 2017 11:51:39 PM comp4004.poker.testcases.Log logmsg
INFO: Received a java.lang.Integer 103 from thread 12
Dec 07, 2017 11:51:39 PM comp4004.poker.testcases.Log logmsg
INFO: Thread 12: ended turn.
Dec 07, 2017 11:51:39 PM comp4004.poker.testcases.Log logmsg
INFO: Thread 11 sending a java.lang.Integer 302
Dec 07, 2017 11:51:39 PM comp4004.poker.testcases.Log logmsg
INFO: Thread 11 sending a java.lang.Long 12
Dec 07, 2017 11:51:39 PM comp4004.poker.testcases.Log logmsg
INFO: Thread 11 sending a java.lang.Integer 151
Dec 07, 2017 11:51:39 PM comp4004.poker.testcases.Log logmsg
INFO: Thread 11 sending a java.lang.Integer 102
Dec 07, 2017 11:51:46 PM comp4004.poker.testcases.Log logmsg
INFO: Received a java.lang.Integer 0 from thread 11
Dec 07, 2017 11:51:46 PM comp4004.poker.testcases.Log logmsg
INFO: Thread 11: attempting to play card 0: 7 of Spades
Dec 07, 2017 11:51:46 PM comp4004.poker.testcases.Log logmsg
INFO: Thread 11 sending a java.lang.Integer 202
Dec 07, 2017 11:51:46 PM comp4004.poker.testcases.Log logmsg
INFO: Thread 11: successfully discarded card 0: 7 of Spades
Dec 07, 2017 11:51:46 PM comp4004.poker.testcases.Log logmsg
INFO: Thread 11 sending a java.lang.Integer 102
Dec 07, 2017 11:51:48 PM comp4004.poker.testcases.Log logmsg
INFO: Received a java.lang.Integer 1 from thread 11
Dec 07, 2017 11:51:48 PM comp4004.poker.testcases.Log logmsg
INFO: Thread 11: attempting to play card 1: 6 of Diamonds
Dec 07, 2017 11:51:48 PM comp4004.poker.testcases.Log logmsg
INFO: Thread 11 sending a java.lang.Integer 202
Dec 07, 2017 11:51:48 PM comp4004.poker.testcases.Log logmsg
INFO: Thread 11: successfully discarded card 1: 6 of Diamonds
Dec 07, 2017 11:51:48 PM comp4004.poker.testcases.Log logmsg
INFO: Thread 11 sending a java.lang.Integer 102
Dec 07, 2017 11:51:49 PM comp4004.poker.testcases.Log logmsg
INFO: Received a java.lang.Integer 2 from thread 11
Dec 07, 2017 11:51:49 PM comp4004.poker.testcases.Log logmsg
INFO: Thread 11: attempting to play card 2: 5 of Diamonds
Dec 07, 2017 11:51:49 PM comp4004.poker.testcases.Log logmsg
INFO: Thread 11 sending a java.lang.Integer 202
Dec 07, 2017 11:51:49 PM comp4004.poker.testcases.Log logmsg
INFO: Thread 11: successfully discarded card 2: 5 of Diamonds
Dec 07, 2017 11:51:49 PM comp4004.poker.testcases.Log logmsg
INFO: Thread 11 sending a java.lang.Integer 102
Dec 07, 2017 11:51:51 PM comp4004.poker.testcases.Log logmsg
INFO: Received a java.lang.Integer 104 from thread 11
Dec 07, 2017 11:51:51 PM comp4004.poker.testcases.Log logmsg
INFO: Thread 11: exchanged cards.
Dec 07, 2017 11:51:51 PM comp4004.poker.testcases.Log logmsg
INFO: Thread 11 sending a java.lang.Integer 104
Dec 07, 2017 11:51:51 PM comp4004.poker.testcases.Log logmsg
INFO: Thread 11 sending a java.lang.Integer 102
Dec 07, 2017 11:51:54 PM comp4004.poker.testcases.Log logmsg
INFO: Received a java.lang.Integer 103 from thread 11
Dec 07, 2017 11:51:54 PM comp4004.poker.testcases.Log logmsg
INFO: Thread 11: ended turn.
Dec 07, 2017 11:51:54 PM comp4004.poker.testcases.Log logmsg
INFO: Thread 12 sending a java.lang.Integer 302
Dec 07, 2017 11:51:54 PM comp4004.poker.testcases.Log logmsg
INFO: Thread 11 sending a java.lang.Integer 9001
Dec 07, 2017 11:51:54 PM comp4004.poker.testcases.Log logmsg
INFO: Thread 12 sending a java.lang.Long 11
Dec 07, 2017 11:51:54 PM comp4004.poker.testcases.Log logmsg
INFO: Thread 12 sending a java.lang.Integer 8999
Dec 07, 2017 11:51:54 PM comp4004.poker.testcases.Log logmsg
INFO: Thread 12 sending a java.lang.Long 11
