Dec 07, 2017 11:58:07 PM comp4004.poker.testcases.Log <init>
INFO: Logger Configured
Dec 07, 2017 11:58:20 PM comp4004.poker.testcases.Log logmsg
INFO: Thread 12 starting up.
Dec 07, 2017 11:58:20 PM comp4004.poker.testcases.Log logmsg
INFO: Thread 11 sending a java.lang.Integer 1
Dec 07, 2017 11:58:20 PM comp4004.poker.testcases.Log logmsg
INFO: Thread 12: ended turn.
Dec 07, 2017 11:58:20 PM comp4004.poker.testcases.Log logmsg
INFO: Thread 11 starting up.
Dec 07, 2017 11:58:20 PM comp4004.poker.testcases.Log logmsg
INFO: Thread 11 sending a java.lang.Integer 151
Dec 07, 2017 11:58:20 PM comp4004.poker.testcases.Log logmsg
INFO: Thread 11 sending a java.lang.Integer 102
Dec 07, 2017 11:58:33 PM comp4004.poker.testcases.Log logmsg
INFO: Received a java.lang.Integer 2 from thread 11
Dec 07, 2017 11:58:33 PM comp4004.poker.testcases.Log logmsg
INFO: Thread 11: attempting to play card 2: 7 of Diamonds
Dec 07, 2017 11:58:33 PM comp4004.poker.testcases.Log logmsg
INFO: Thread 11 sending a java.lang.Integer 202
Dec 07, 2017 11:58:33 PM comp4004.poker.testcases.Log logmsg
INFO: Thread 11: successfully discarded card 2: 7 of Diamonds
Dec 07, 2017 11:58:33 PM comp4004.poker.testcases.Log logmsg
INFO: Thread 11 sending a java.lang.Integer 102
Dec 07, 2017 11:58:35 PM comp4004.poker.testcases.Log logmsg
INFO: Received a java.lang.Integer 2 from thread 11
Dec 07, 2017 11:58:35 PM comp4004.poker.testcases.Log logmsg
INFO: Thread 11: attempting to play card 2: 8 of Spades
Dec 07, 2017 11:58:35 PM comp4004.poker.testcases.Log logmsg
INFO: Thread 11 sending a java.lang.Integer 202
Dec 07, 2017 11:58:35 PM comp4004.poker.testcases.Log logmsg
INFO: Thread 11: successfully discarded card 2: 8 of Spades
Dec 07, 2017 11:58:35 PM comp4004.poker.testcases.Log logmsg
INFO: Thread 11 sending a java.lang.Integer 102
Dec 07, 2017 11:58:38 PM comp4004.poker.testcases.Log logmsg
INFO: Received a java.lang.Integer 2 from thread 11
Dec 07, 2017 11:58:38 PM comp4004.poker.testcases.Log logmsg
INFO: Thread 11: attempting to play card 2: 5 of Hearts
Dec 07, 2017 11:58:38 PM comp4004.poker.testcases.Log logmsg
INFO: Thread 11 sending a java.lang.Integer 202
Dec 07, 2017 11:58:38 PM comp4004.poker.testcases.Log logmsg
INFO: Thread 11: successfully discarded card 2: 5 of Hearts
Dec 07, 2017 11:58:38 PM comp4004.poker.testcases.Log logmsg
INFO: Thread 11 sending a java.lang.Integer 102
Dec 07, 2017 11:58:40 PM comp4004.poker.testcases.Log logmsg
INFO: Received a java.lang.Integer 104 from thread 11
Dec 07, 2017 11:58:40 PM comp4004.poker.testcases.Log logmsg
INFO: Thread 11: exchanged cards.
Dec 07, 2017 11:58:40 PM comp4004.poker.testcases.Log logmsg
INFO: Thread 11 sending a java.lang.Integer 104
Dec 07, 2017 11:58:40 PM comp4004.poker.testcases.Log logmsg
INFO: Thread 11 sending a java.lang.Integer 102
Dec 07, 2017 11:58:45 PM comp4004.poker.testcases.Log logmsg
INFO: Received a java.lang.Integer 103 from thread 11
Dec 07, 2017 11:58:45 PM comp4004.poker.testcases.Log logmsg
INFO: Thread 11: ended turn.
Dec 07, 2017 11:58:45 PM comp4004.poker.testcases.Log logmsg
INFO: Thread 12: ended turn.
Dec 07, 2017 11:58:45 PM comp4004.poker.testcases.Log logmsg
INFO: Thread 11 sending a java.lang.Integer 150
Dec 07, 2017 11:58:45 PM comp4004.poker.testcases.Log logmsg
INFO: Thread 11 sending a java.lang.Integer 8999
Dec 07, 2017 11:58:45 PM comp4004.poker.testcases.Log logmsg
INFO: Thread 11 sending a java.lang.Long 12
