Dec 08, 2017 12:23:05 AM comp4004.poker.testcases.Log <init>
INFO: Logger Configured
Dec 08, 2017 12:23:36 AM comp4004.poker.testcases.Log logmsg
INFO: Thread 12 sending a java.lang.Integer 2
Dec 08, 2017 12:23:36 AM comp4004.poker.testcases.Log logmsg
INFO: Thread 11 sending a java.lang.Integer 1
Dec 08, 2017 12:23:36 AM comp4004.poker.testcases.Log logmsg
INFO: Thread 13 sending a java.lang.Integer 3
Dec 08, 2017 12:23:36 AM comp4004.poker.testcases.Log logmsg
INFO: Thread 12 starting up.
Dec 08, 2017 12:23:36 AM comp4004.poker.testcases.Log logmsg
INFO: Thread 11 starting up.
Dec 08, 2017 12:23:36 AM comp4004.poker.testcases.Log logmsg
INFO: Thread 13 starting up.
Dec 08, 2017 12:23:36 AM comp4004.poker.testcases.Log logmsg
INFO: Thread 13 sending a java.lang.Integer 151
Dec 08, 2017 12:23:36 AM comp4004.poker.testcases.Log logmsg
INFO: Thread 13 sending a java.lang.Integer 102
Dec 08, 2017 12:23:41 AM comp4004.poker.testcases.Log logmsg
INFO: Received a java.lang.Integer 0 from thread 13
Dec 08, 2017 12:23:41 AM comp4004.poker.testcases.Log logmsg
INFO: Thread 13: attempting to play card 0: Queen of Clubs
Dec 08, 2017 12:23:41 AM comp4004.poker.testcases.Log logmsg
INFO: Thread 13 sending a java.lang.Integer 202
Dec 08, 2017 12:23:41 AM comp4004.poker.testcases.Log logmsg
INFO: Thread 13: successfully discarded card 0: Queen of Clubs
Dec 08, 2017 12:23:41 AM comp4004.poker.testcases.Log logmsg
INFO: Thread 13 sending a java.lang.Integer 102
Dec 08, 2017 12:23:43 AM comp4004.poker.testcases.Log logmsg
INFO: Received a java.lang.Integer 3 from thread 13
Dec 08, 2017 12:23:43 AM comp4004.poker.testcases.Log logmsg
INFO: Thread 13: attempting to play card 3: Ace of Clubs
Dec 08, 2017 12:23:43 AM comp4004.poker.testcases.Log logmsg
INFO: Thread 13 sending a java.lang.Integer 202
Dec 08, 2017 12:23:43 AM comp4004.poker.testcases.Log logmsg
INFO: Thread 13: successfully discarded card 3: Ace of Clubs
Dec 08, 2017 12:23:43 AM comp4004.poker.testcases.Log logmsg
INFO: Thread 13 sending a java.lang.Integer 102
Dec 08, 2017 12:23:46 AM comp4004.poker.testcases.Log logmsg
INFO: Received a java.lang.Integer 104 from thread 13
Dec 08, 2017 12:23:46 AM comp4004.poker.testcases.Log logmsg
INFO: Thread 13: exchanged cards.
Dec 08, 2017 12:23:46 AM comp4004.poker.testcases.Log logmsg
INFO: Thread 13 sending a java.lang.Integer 104
Dec 08, 2017 12:23:46 AM comp4004.poker.testcases.Log logmsg
INFO: Thread 13 sending a java.lang.Integer 102
Dec 08, 2017 12:23:48 AM comp4004.poker.testcases.Log logmsg
INFO: Received a java.lang.Integer 103 from thread 13
Dec 08, 2017 12:23:48 AM comp4004.poker.testcases.Log logmsg
INFO: Thread 13: ended turn.
Dec 08, 2017 12:23:48 AM comp4004.poker.testcases.Log logmsg
INFO: Thread 12 sending a java.lang.Integer 302
Dec 08, 2017 12:23:48 AM comp4004.poker.testcases.Log logmsg
INFO: Thread 12 sending a java.lang.Long 13
Dec 08, 2017 12:23:48 AM comp4004.poker.testcases.Log logmsg
INFO: Thread 12 sending a java.lang.Integer 151
Dec 08, 2017 12:23:48 AM comp4004.poker.testcases.Log logmsg
INFO: Thread 11 sending a java.lang.Integer 302
Dec 08, 2017 12:23:48 AM comp4004.poker.testcases.Log logmsg
INFO: Thread 12 sending a java.lang.Integer 102
Dec 08, 2017 12:23:48 AM comp4004.poker.testcases.Log logmsg
INFO: Thread 11 sending a java.lang.Long 13
Dec 08, 2017 12:23:58 AM comp4004.poker.testcases.Log logmsg
INFO: Received a java.lang.Integer 1 from thread 12
Dec 08, 2017 12:23:58 AM comp4004.poker.testcases.Log logmsg
INFO: Thread 12: attempting to play card 1: 3 of Spades
Dec 08, 2017 12:23:58 AM comp4004.poker.testcases.Log logmsg
INFO: Thread 12 sending a java.lang.Integer 202
Dec 08, 2017 12:23:58 AM comp4004.poker.testcases.Log logmsg
INFO: Thread 12: successfully discarded card 1: 3 of Spades
Dec 08, 2017 12:23:58 AM comp4004.poker.testcases.Log logmsg
INFO: Thread 12 sending a java.lang.Integer 102
Dec 08, 2017 12:24:00 AM comp4004.poker.testcases.Log logmsg
INFO: Received a java.lang.Integer 104 from thread 12
Dec 08, 2017 12:24:00 AM comp4004.poker.testcases.Log logmsg
INFO: Thread 12: exchanged cards.
Dec 08, 2017 12:24:00 AM comp4004.poker.testcases.Log logmsg
INFO: Thread 12 sending a java.lang.Integer 104
Dec 08, 2017 12:24:00 AM comp4004.poker.testcases.Log logmsg
INFO: Thread 12 sending a java.lang.Integer 102
Dec 08, 2017 12:24:04 AM comp4004.poker.testcases.Log logmsg
INFO: Received a java.lang.Integer 103 from thread 12
Dec 08, 2017 12:24:04 AM comp4004.poker.testcases.Log logmsg
INFO: Thread 12: ended turn.
Dec 08, 2017 12:24:04 AM comp4004.poker.testcases.Log logmsg
INFO: Thread 11 sending a java.lang.Integer 302
Dec 08, 2017 12:24:04 AM comp4004.poker.testcases.Log logmsg
INFO: Thread 11 sending a java.lang.Long 12
Dec 08, 2017 12:24:04 AM comp4004.poker.testcases.Log logmsg
INFO: Thread 11 sending a java.lang.Integer 151
Dec 08, 2017 12:24:04 AM comp4004.poker.testcases.Log logmsg
INFO: Thread 11 sending a java.lang.Integer 102
Dec 08, 2017 12:24:04 AM comp4004.poker.testcases.Log logmsg
INFO: Thread 13 sending a java.lang.Integer 302
Dec 08, 2017 12:24:04 AM comp4004.poker.testcases.Log logmsg
INFO: Thread 13 sending a java.lang.Long 12
Dec 08, 2017 12:24:18 AM comp4004.poker.testcases.Log logmsg
INFO: Received a java.lang.Integer 3 from thread 11
Dec 08, 2017 12:24:18 AM comp4004.poker.testcases.Log logmsg
INFO: Thread 11: attempting to play card 3: Ace of Diamonds
Dec 08, 2017 12:24:18 AM comp4004.poker.testcases.Log logmsg
INFO: Thread 11 sending a java.lang.Integer 202
Dec 08, 2017 12:24:18 AM comp4004.poker.testcases.Log logmsg
INFO: Thread 11: successfully discarded card 3: Ace of Diamonds
Dec 08, 2017 12:24:18 AM comp4004.poker.testcases.Log logmsg
INFO: Thread 11 sending a java.lang.Integer 102
Dec 08, 2017 12:24:20 AM comp4004.poker.testcases.Log logmsg
INFO: Received a java.lang.Integer 3 from thread 11
Dec 08, 2017 12:24:20 AM comp4004.poker.testcases.Log logmsg
INFO: Thread 11: attempting to play card 3: 10 of Diamonds
Dec 08, 2017 12:24:20 AM comp4004.poker.testcases.Log logmsg
INFO: Thread 11 sending a java.lang.Integer 202
Dec 08, 2017 12:24:20 AM comp4004.poker.testcases.Log logmsg
INFO: Thread 11: successfully discarded card 3: 10 of Diamonds
Dec 08, 2017 12:24:20 AM comp4004.poker.testcases.Log logmsg
INFO: Thread 11 sending a java.lang.Integer 102
Dec 08, 2017 12:24:22 AM comp4004.poker.testcases.Log logmsg
INFO: Received a java.lang.Integer 104 from thread 11
Dec 08, 2017 12:24:22 AM comp4004.poker.testcases.Log logmsg
INFO: Thread 11: exchanged cards.
Dec 08, 2017 12:24:22 AM comp4004.poker.testcases.Log logmsg
INFO: Thread 11 sending a java.lang.Integer 104
Dec 08, 2017 12:24:22 AM comp4004.poker.testcases.Log logmsg
INFO: Thread 11 sending a java.lang.Integer 102
Dec 08, 2017 12:24:25 AM comp4004.poker.testcases.Log logmsg
INFO: Received a java.lang.Integer 103 from thread 11
Dec 08, 2017 12:24:25 AM comp4004.poker.testcases.Log logmsg
INFO: Thread 11: ended turn.
Dec 08, 2017 12:24:25 AM comp4004.poker.testcases.Log logmsg
INFO: Thread 12 sending a java.lang.Integer 302
Dec 08, 2017 12:24:25 AM comp4004.poker.testcases.Log logmsg
INFO: Thread 11 sending a java.lang.Integer 8999
Dec 08, 2017 12:24:25 AM comp4004.poker.testcases.Log logmsg
INFO: Thread 12 sending a java.lang.Long 11
Dec 08, 2017 12:24:25 AM comp4004.poker.testcases.Log logmsg
INFO: Thread 13 sending a java.lang.Integer 302
Dec 08, 2017 12:24:25 AM comp4004.poker.testcases.Log logmsg
INFO: Thread 13 sending a java.lang.Long 11
Dec 08, 2017 12:24:25 AM comp4004.poker.testcases.Log logmsg
INFO: Thread 11 sending a java.lang.Long 12
Dec 08, 2017 12:24:25 AM comp4004.poker.testcases.Log logmsg
INFO: Thread 12 sending a java.lang.Integer 9001
Dec 08, 2017 12:24:25 AM comp4004.poker.testcases.Log logmsg
INFO: Thread 13 sending a java.lang.Integer 8999
Dec 08, 2017 12:24:25 AM comp4004.poker.testcases.Log logmsg
INFO: Thread 13 sending a java.lang.Long 12
