Dec 06, 2017 2:55:06 PM comp4004.poker.testcases.Log <init>
INFO: Logger Configured
Dec 06, 2017 2:55:21 PM comp4004.poker.testcases.Log logmsg
INFO: Thread 11 sending a java.lang.Integer 1
Dec 06, 2017 2:55:21 PM comp4004.poker.testcases.Log logmsg
INFO: Thread 12 sending a java.lang.Integer 2
Dec 06, 2017 2:55:21 PM comp4004.poker.testcases.Log logmsg
INFO: Thread 11 starting up.
Dec 06, 2017 2:55:21 PM comp4004.poker.testcases.Log logmsg
INFO: Thread 11 sending a java.lang.Integer 151
Dec 06, 2017 2:55:21 PM comp4004.poker.testcases.Log logmsg
INFO: Thread 11 sending a java.lang.Integer 103
Dec 06, 2017 2:55:21 PM comp4004.poker.testcases.Log logmsg
INFO: Thread 12 starting up.
Dec 06, 2017 2:55:30 PM comp4004.poker.testcases.Log logmsg
INFO: Received a java.lang.Integer 1 from thread 11
Dec 06, 2017 2:55:30 PM comp4004.poker.testcases.Log logmsg
INFO: Thread 11: attempting to play card 1: 3 of Spades
Dec 06, 2017 2:55:30 PM comp4004.poker.testcases.Log logmsg
INFO: Thread 11 sending a java.lang.Integer 302
Dec 06, 2017 2:55:30 PM comp4004.poker.testcases.Log logmsg
INFO: Thread 11: successfully exchanged card 1: 3 of Spades
Dec 06, 2017 2:55:30 PM comp4004.poker.testcases.Log logmsg
INFO: Thread 11 sending a java.lang.Integer 103
Dec 06, 2017 2:55:34 PM comp4004.poker.testcases.Log logmsg
INFO: Received a java.lang.Integer 0 from thread 11
Dec 06, 2017 2:55:34 PM comp4004.poker.testcases.Log logmsg
INFO: Thread 11: attempting to play card 0: 10 of Spades
Dec 06, 2017 2:55:34 PM comp4004.poker.testcases.Log logmsg
INFO: Thread 11 sending a java.lang.Integer 302
Dec 06, 2017 2:55:34 PM comp4004.poker.testcases.Log logmsg
INFO: Thread 11: successfully exchanged card 0: 10 of Spades
Dec 06, 2017 2:55:34 PM comp4004.poker.testcases.Log logmsg
INFO: Thread 11 sending a java.lang.Integer 103
Dec 06, 2017 2:55:38 PM comp4004.poker.testcases.Log logmsg
INFO: Received a java.lang.Integer 106 from thread 11
Dec 06, 2017 2:55:38 PM comp4004.poker.testcases.Log logmsg
INFO: Thread 11: ended turn.
Dec 06, 2017 2:55:38 PM comp4004.poker.testcases.Log logmsg
INFO: Thread 12 sending a java.lang.Integer 202
Dec 06, 2017 2:55:38 PM comp4004.poker.testcases.Log logmsg
INFO: Thread 12 sending a java.lang.Long 11
Dec 06, 2017 2:55:38 PM comp4004.poker.testcases.Log logmsg
INFO: Thread 12 sending a java.lang.Integer 151
Dec 06, 2017 2:55:38 PM comp4004.poker.testcases.Log logmsg
INFO: Thread 12 sending a java.lang.Integer 103
Dec 06, 2017 2:55:53 PM comp4004.poker.testcases.Log logmsg
INFO: Received a java.lang.Object java.lang.Object@13810424 from thread 12
Dec 06, 2017 2:55:53 PM comp4004.poker.testcases.Log logmsg
INFO: Thread 11 sending a java.lang.Integer 9001
