Dec 06, 2017 3:07:21 PM comp4004.poker.testcases.Log <init>
INFO: Logger Configured
Dec 06, 2017 3:07:52 PM comp4004.poker.testcases.Log logmsg
INFO: Thread 11 sending a java.lang.Integer 1
Dec 06, 2017 3:07:52 PM comp4004.poker.testcases.Log logmsg
INFO: Thread 12 sending a java.lang.Integer 2
Dec 06, 2017 3:07:52 PM comp4004.poker.testcases.Log logmsg
INFO: Thread 12 starting up.
Dec 06, 2017 3:07:52 PM comp4004.poker.testcases.Log logmsg
INFO: Thread 11 starting up.
Dec 06, 2017 3:07:52 PM comp4004.poker.testcases.Log logmsg
INFO: Thread 11 sending a java.lang.Integer 151
Dec 06, 2017 3:07:52 PM comp4004.poker.testcases.Log logmsg
INFO: Thread 11 sending a java.lang.Integer 103
Dec 06, 2017 3:07:56 PM comp4004.poker.testcases.Log logmsg
INFO: Received a java.lang.Integer 2 from thread 11
Dec 06, 2017 3:07:56 PM comp4004.poker.testcases.Log logmsg
INFO: Thread 11: attempting to play card 2: 4 of Clubs
Dec 06, 2017 3:07:56 PM comp4004.poker.testcases.Log logmsg
INFO: Thread 11 sending a java.lang.Integer 302
Dec 06, 2017 3:07:56 PM comp4004.poker.testcases.Log logmsg
INFO: Thread 11: successfully exchanged card 2: 4 of Clubs
Dec 06, 2017 3:07:56 PM comp4004.poker.testcases.Log logmsg
INFO: Thread 11 sending a java.lang.Integer 103
Dec 06, 2017 3:07:58 PM comp4004.poker.testcases.Log logmsg
INFO: Received a java.lang.Integer 2 from thread 11
Dec 06, 2017 3:07:58 PM comp4004.poker.testcases.Log logmsg
INFO: Thread 11: attempting to play card 2: 7 of Diamonds
Dec 06, 2017 3:07:58 PM comp4004.poker.testcases.Log logmsg
INFO: Thread 11 sending a java.lang.Integer 302
Dec 06, 2017 3:07:58 PM comp4004.poker.testcases.Log logmsg
INFO: Thread 11: successfully exchanged card 2: 7 of Diamonds
Dec 06, 2017 3:07:58 PM comp4004.poker.testcases.Log logmsg
INFO: Thread 11 sending a java.lang.Integer 103
Dec 06, 2017 3:08:01 PM comp4004.poker.testcases.Log logmsg
INFO: Received a java.lang.Integer 2 from thread 11
Dec 06, 2017 3:08:01 PM comp4004.poker.testcases.Log logmsg
INFO: Thread 11: attempting to play card 2: 9 of Clubs
Dec 06, 2017 3:08:01 PM comp4004.poker.testcases.Log logmsg
INFO: Thread 11 sending a java.lang.Integer 302
Dec 06, 2017 3:08:01 PM comp4004.poker.testcases.Log logmsg
INFO: Thread 11: successfully exchanged card 2: 9 of Clubs
Dec 06, 2017 3:08:01 PM comp4004.poker.testcases.Log logmsg
INFO: Thread 11 sending a java.lang.Integer 103
Dec 06, 2017 3:08:03 PM comp4004.poker.testcases.Log logmsg
INFO: Received a java.lang.Integer 106 from thread 11
Dec 06, 2017 3:08:03 PM comp4004.poker.testcases.Log logmsg
INFO: Thread 11: ended turn.
Dec 06, 2017 3:08:03 PM comp4004.poker.testcases.Log logmsg
INFO: Thread 12 sending a java.lang.Integer 202
Dec 06, 2017 3:08:03 PM comp4004.poker.testcases.Log logmsg
INFO: Thread 12 sending a java.lang.Long 11
Dec 06, 2017 3:08:03 PM comp4004.poker.testcases.Log logmsg
INFO: Thread 12 sending a java.lang.Integer 151
Dec 06, 2017 3:08:03 PM comp4004.poker.testcases.Log logmsg
INFO: Thread 12 sending a java.lang.Integer 103
Dec 06, 2017 3:08:16 PM comp4004.poker.testcases.Log logmsg
INFO: Received a java.lang.Object java.lang.Object@110cd152 from thread 12
