Dec 07, 2017 3:22:14 PM comp4004.poker.testcases.Log <init>
INFO: Logger Configured
Dec 07, 2017 3:22:26 PM comp4004.poker.testcases.Log logmsg
INFO: Thread 12 sending a java.lang.Integer 2
Dec 07, 2017 3:22:26 PM comp4004.poker.testcases.Log logmsg
INFO: Thread 11 sending a java.lang.Integer 1
Dec 07, 2017 3:22:26 PM comp4004.poker.testcases.Log logmsg
INFO: Thread 11 starting up.
Dec 07, 2017 3:22:26 PM comp4004.poker.testcases.Log logmsg
INFO: Thread 12 starting up.
Dec 07, 2017 3:22:26 PM comp4004.poker.testcases.Log logmsg
INFO: Thread 12 sending a java.lang.Integer 151
Dec 07, 2017 3:22:26 PM comp4004.poker.testcases.Log logmsg
INFO: Thread 12 sending a java.lang.Integer 102
Dec 07, 2017 3:22:29 PM comp4004.poker.testcases.Log logmsg
INFO: Received a java.lang.Integer 0 from thread 12
Dec 07, 2017 3:22:29 PM comp4004.poker.testcases.Log logmsg
INFO: Thread 12: attempting to play card 0: Jack of Spades
Dec 07, 2017 3:22:29 PM comp4004.poker.testcases.Log logmsg
INFO: Thread 12 sending a java.lang.Integer 202
Dec 07, 2017 3:22:29 PM comp4004.poker.testcases.Log logmsg
INFO: Thread 12: successfully discarded card 0: Jack of Spades
Dec 07, 2017 3:22:29 PM comp4004.poker.testcases.Log logmsg
INFO: Thread 12 sending a java.lang.Integer 102
Dec 07, 2017 3:22:31 PM comp4004.poker.testcases.Log logmsg
INFO: Received a java.lang.Integer 0 from thread 12
Dec 07, 2017 3:22:31 PM comp4004.poker.testcases.Log logmsg
INFO: Thread 12: attempting to play card 0: 6 of Spades
Dec 07, 2017 3:22:31 PM comp4004.poker.testcases.Log logmsg
INFO: Thread 12 sending a java.lang.Integer 202
Dec 07, 2017 3:22:31 PM comp4004.poker.testcases.Log logmsg
INFO: Thread 12: successfully discarded card 0: 6 of Spades
Dec 07, 2017 3:22:31 PM comp4004.poker.testcases.Log logmsg
INFO: Thread 12 sending a java.lang.Integer 102
Dec 07, 2017 3:22:33 PM comp4004.poker.testcases.Log logmsg
INFO: Received a java.lang.Integer 2 from thread 12
Dec 07, 2017 3:22:33 PM comp4004.poker.testcases.Log logmsg
INFO: Thread 12: attempting to play card 2: 7 of Hearts
Dec 07, 2017 3:22:33 PM comp4004.poker.testcases.Log logmsg
INFO: Thread 12 sending a java.lang.Integer 202
Dec 07, 2017 3:22:33 PM comp4004.poker.testcases.Log logmsg
INFO: Thread 12: successfully discarded card 2: 7 of Hearts
Dec 07, 2017 3:22:33 PM comp4004.poker.testcases.Log logmsg
INFO: Thread 12 sending a java.lang.Integer 102
Dec 07, 2017 3:22:34 PM comp4004.poker.testcases.Log logmsg
INFO: Received a java.lang.Integer 104 from thread 12
Dec 07, 2017 3:22:34 PM comp4004.poker.testcases.Log logmsg
INFO: Thread 12: exchanged cards.
Dec 07, 2017 3:22:34 PM comp4004.poker.testcases.Log logmsg
INFO: Thread 12 sending a java.lang.Integer 104
Dec 07, 2017 3:22:34 PM comp4004.poker.testcases.Log logmsg
INFO: Thread 12 sending a java.lang.Integer 102
Dec 07, 2017 3:22:36 PM comp4004.poker.testcases.Log logmsg
INFO: Received a java.lang.Integer 103 from thread 12
Dec 07, 2017 3:22:36 PM comp4004.poker.testcases.Log logmsg
INFO: Thread 12: ended turn.
Dec 07, 2017 3:22:36 PM comp4004.poker.testcases.Log logmsg
INFO: Thread 11 sending a java.lang.Integer 302
Dec 07, 2017 3:22:36 PM comp4004.poker.testcases.Log logmsg
INFO: Thread 11 sending a java.lang.Long 12
Dec 07, 2017 3:22:36 PM comp4004.poker.testcases.Log logmsg
INFO: Thread 12 sending a java.lang.Integer 8999
Dec 07, 2017 3:22:36 PM comp4004.poker.testcases.Log logmsg
INFO: Thread 12 sending a java.lang.String 11
Dec 07, 2017 3:22:36 PM comp4004.poker.testcases.Log logmsg
INFO: Thread 11 sending a java.lang.Integer 151
Dec 07, 2017 3:22:36 PM comp4004.poker.testcases.Log logmsg
INFO: Thread 11 sending a java.lang.Integer 102
Dec 07, 2017 3:22:46 PM comp4004.poker.testcases.Log logmsg
INFO: Received a java.lang.Integer 2 from thread 11
Dec 07, 2017 3:22:46 PM comp4004.poker.testcases.Log logmsg
INFO: Thread 11: attempting to play card 2: 7 of Diamonds
Dec 07, 2017 3:22:46 PM comp4004.poker.testcases.Log logmsg
INFO: Thread 11 sending a java.lang.Integer 202
Dec 07, 2017 3:22:46 PM comp4004.poker.testcases.Log logmsg
INFO: Thread 11: successfully discarded card 2: 7 of Diamonds
Dec 07, 2017 3:22:46 PM comp4004.poker.testcases.Log logmsg
INFO: Thread 11 sending a java.lang.Integer 102
Dec 07, 2017 3:22:49 PM comp4004.poker.testcases.Log logmsg
INFO: Received a java.lang.Integer 3 from thread 11
Dec 07, 2017 3:22:49 PM comp4004.poker.testcases.Log logmsg
INFO: Thread 11: attempting to play card 3: Ace of Diamonds
Dec 07, 2017 3:22:49 PM comp4004.poker.testcases.Log logmsg
INFO: Thread 11 sending a java.lang.Integer 202
Dec 07, 2017 3:22:49 PM comp4004.poker.testcases.Log logmsg
INFO: Thread 11: successfully discarded card 3: Ace of Diamonds
Dec 07, 2017 3:22:49 PM comp4004.poker.testcases.Log logmsg
INFO: Thread 11 sending a java.lang.Integer 102
Dec 07, 2017 3:22:51 PM comp4004.poker.testcases.Log logmsg
INFO: Received a java.lang.Integer 104 from thread 11
Dec 07, 2017 3:22:51 PM comp4004.poker.testcases.Log logmsg
INFO: Thread 11: exchanged cards.
Dec 07, 2017 3:22:51 PM comp4004.poker.testcases.Log logmsg
INFO: Thread 11 sending a java.lang.Integer 104
Dec 07, 2017 3:22:51 PM comp4004.poker.testcases.Log logmsg
INFO: Thread 11 sending a java.lang.Integer 102
Dec 07, 2017 3:22:52 PM comp4004.poker.testcases.Log logmsg
INFO: Received a java.lang.Integer 103 from thread 11
Dec 07, 2017 3:22:52 PM comp4004.poker.testcases.Log logmsg
INFO: Thread 11: ended turn.
Dec 07, 2017 3:22:52 PM comp4004.poker.testcases.Log logmsg
INFO: Thread 11 sending a java.lang.Integer 150
Dec 07, 2017 3:22:52 PM comp4004.poker.testcases.Log logmsg
INFO: Thread 11 sending a java.lang.Integer 9001
