Dec 06, 2017 3:08:58 PM comp4004.poker.testcases.Log <init>
INFO: Logger Configured
Dec 06, 2017 3:09:13 PM comp4004.poker.testcases.Log logmsg
INFO: Thread 11 sending a java.lang.Integer 1
Dec 06, 2017 3:09:13 PM comp4004.poker.testcases.Log logmsg
INFO: Thread 12 sending a java.lang.Integer 2
Dec 06, 2017 3:09:13 PM comp4004.poker.testcases.Log logmsg
INFO: Thread 12 starting up.
Dec 06, 2017 3:09:13 PM comp4004.poker.testcases.Log logmsg
INFO: Thread 11 starting up.
Dec 06, 2017 3:09:13 PM comp4004.poker.testcases.Log logmsg
INFO: Thread 12 sending a java.lang.Integer 151
Dec 06, 2017 3:09:13 PM comp4004.poker.testcases.Log logmsg
INFO: Thread 12 sending a java.lang.Integer 103
Dec 06, 2017 3:09:19 PM comp4004.poker.testcases.Log logmsg
INFO: Received a java.lang.Integer 3 from thread 12
Dec 06, 2017 3:09:19 PM comp4004.poker.testcases.Log logmsg
INFO: Thread 12: attempting to play card 3: King of Spades
Dec 06, 2017 3:09:19 PM comp4004.poker.testcases.Log logmsg
INFO: Thread 12 sending a java.lang.Integer 302
Dec 06, 2017 3:09:19 PM comp4004.poker.testcases.Log logmsg
INFO: Thread 12: successfully exchanged card 3: King of Spades
Dec 06, 2017 3:09:19 PM comp4004.poker.testcases.Log logmsg
INFO: Thread 12 sending a java.lang.Integer 103
Dec 06, 2017 3:09:21 PM comp4004.poker.testcases.Log logmsg
INFO: Received a java.lang.Integer 106 from thread 12
Dec 06, 2017 3:09:21 PM comp4004.poker.testcases.Log logmsg
INFO: Thread 12: ended turn.
Dec 06, 2017 3:09:21 PM comp4004.poker.testcases.Log logmsg
INFO: Thread 11 sending a java.lang.Integer 202
Dec 06, 2017 3:09:21 PM comp4004.poker.testcases.Log logmsg
INFO: Thread 11 sending a java.lang.Long 12
Dec 06, 2017 3:09:21 PM comp4004.poker.testcases.Log logmsg
INFO: Thread 11 sending a java.lang.Integer 151
Dec 06, 2017 3:09:21 PM comp4004.poker.testcases.Log logmsg
INFO: Thread 11 sending a java.lang.Integer 103
Dec 06, 2017 3:09:29 PM comp4004.poker.testcases.Log logmsg
INFO: Received a java.lang.Integer 0 from thread 11
Dec 06, 2017 3:09:29 PM comp4004.poker.testcases.Log logmsg
INFO: Thread 11: attempting to play card 0: 2 of Diamonds
Dec 06, 2017 3:09:29 PM comp4004.poker.testcases.Log logmsg
INFO: Thread 11 sending a java.lang.Integer 302
Dec 06, 2017 3:09:29 PM comp4004.poker.testcases.Log logmsg
INFO: Thread 11: successfully exchanged card 0: 2 of Diamonds
Dec 06, 2017 3:09:29 PM comp4004.poker.testcases.Log logmsg
INFO: Thread 11 sending a java.lang.Integer 103
Dec 06, 2017 3:09:30 PM comp4004.poker.testcases.Log logmsg
INFO: Received a java.lang.Integer 1 from thread 11
Dec 06, 2017 3:09:30 PM comp4004.poker.testcases.Log logmsg
INFO: Thread 11: attempting to play card 1: King of Diamonds
Dec 06, 2017 3:09:30 PM comp4004.poker.testcases.Log logmsg
INFO: Thread 11 sending a java.lang.Integer 302
Dec 06, 2017 3:09:30 PM comp4004.poker.testcases.Log logmsg
INFO: Thread 11: successfully exchanged card 1: King of Diamonds
Dec 06, 2017 3:09:30 PM comp4004.poker.testcases.Log logmsg
INFO: Thread 11 sending a java.lang.Integer 103
Dec 06, 2017 3:09:32 PM comp4004.poker.testcases.Log logmsg
INFO: Received a java.lang.Integer 106 from thread 11
Dec 06, 2017 3:09:32 PM comp4004.poker.testcases.Log logmsg
INFO: Thread 11: ended turn.
Dec 06, 2017 3:09:32 PM comp4004.poker.testcases.Log logmsg
INFO: Thread 12 sending a java.lang.Integer 202
Dec 06, 2017 3:09:32 PM comp4004.poker.testcases.Log logmsg
INFO: Thread 12 sending a java.lang.Long 11
