Dec 06, 2017 9:53:39 PM comp4004.poker.testcases.Log <init>
INFO: Logger Configured
Dec 06, 2017 9:53:52 PM comp4004.poker.testcases.Log logmsg
INFO: Thread 12 sending a java.lang.Integer 2
Dec 06, 2017 9:53:52 PM comp4004.poker.testcases.Log logmsg
INFO: Thread 11 sending a java.lang.Integer 1
Dec 06, 2017 9:53:52 PM comp4004.poker.testcases.Log logmsg
INFO: Thread 11 starting up.
Dec 06, 2017 9:53:52 PM comp4004.poker.testcases.Log logmsg
INFO: Thread 12 starting up.
Dec 06, 2017 9:53:52 PM comp4004.poker.testcases.Log logmsg
INFO: Thread 11 sending a java.lang.Integer 151
Dec 06, 2017 9:53:52 PM comp4004.poker.testcases.Log logmsg
INFO: Thread 11 sending a java.lang.Integer 103
Dec 06, 2017 9:53:57 PM comp4004.poker.testcases.Log logmsg
INFO: Received a java.lang.Integer 2 from thread 11
Dec 06, 2017 9:53:57 PM comp4004.poker.testcases.Log logmsg
INFO: Thread 11: attempting to play card 2: 4 of Hearts
Dec 06, 2017 9:53:57 PM comp4004.poker.testcases.Log logmsg
INFO: Thread 11 sending a java.lang.Integer 302
Dec 06, 2017 9:53:57 PM comp4004.poker.testcases.Log logmsg
INFO: Thread 11: successfully discarded card 2: 4 of Hearts
Dec 06, 2017 9:53:57 PM comp4004.poker.testcases.Log logmsg
INFO: Thread 11 sending a java.lang.Integer 103
Dec 06, 2017 9:53:58 PM comp4004.poker.testcases.Log logmsg
INFO: Received a java.lang.Integer 1 from thread 11
Dec 06, 2017 9:53:58 PM comp4004.poker.testcases.Log logmsg
INFO: Thread 11: attempting to play card 1: 10 of Hearts
Dec 06, 2017 9:53:58 PM comp4004.poker.testcases.Log logmsg
INFO: Thread 11 sending a java.lang.Integer 302
Dec 06, 2017 9:53:58 PM comp4004.poker.testcases.Log logmsg
INFO: Thread 11: successfully discarded card 1: 10 of Hearts
Dec 06, 2017 9:53:58 PM comp4004.poker.testcases.Log logmsg
INFO: Thread 11 sending a java.lang.Integer 103
Dec 06, 2017 9:54:00 PM comp4004.poker.testcases.Log logmsg
INFO: Received a java.lang.Integer 0 from thread 11
Dec 06, 2017 9:54:00 PM comp4004.poker.testcases.Log logmsg
INFO: Thread 11: attempting to play card 0: 8 of Spades
Dec 06, 2017 9:54:00 PM comp4004.poker.testcases.Log logmsg
INFO: Thread 11 sending a java.lang.Integer 302
Dec 06, 2017 9:54:00 PM comp4004.poker.testcases.Log logmsg
INFO: Thread 11: successfully discarded card 0: 8 of Spades
Dec 06, 2017 9:54:00 PM comp4004.poker.testcases.Log logmsg
INFO: Thread 11 sending a java.lang.Integer 103
Dec 06, 2017 9:54:01 PM comp4004.poker.testcases.Log logmsg
INFO: Received a java.lang.Integer 107 from thread 11
Dec 06, 2017 9:54:01 PM comp4004.poker.testcases.Log logmsg
INFO: Thread 11: exchanged cards.
Dec 06, 2017 9:54:01 PM comp4004.poker.testcases.Log logmsg
INFO: Thread 11 sending a java.lang.Integer 107
Dec 06, 2017 9:54:01 PM comp4004.poker.testcases.Log logmsg
INFO: Thread 11 sending a java.lang.Integer 103
Dec 06, 2017 9:54:03 PM comp4004.poker.testcases.Log logmsg
INFO: Received a java.lang.Integer 106 from thread 11
Dec 06, 2017 9:54:03 PM comp4004.poker.testcases.Log logmsg
INFO: Thread 11: ended turn.
Dec 06, 2017 9:54:03 PM comp4004.poker.testcases.Log logmsg
INFO: Thread 12 sending a java.lang.Integer 202
Dec 06, 2017 9:54:03 PM comp4004.poker.testcases.Log logmsg
INFO: Thread 12 sending a java.lang.Long 11
Dec 06, 2017 9:54:03 PM comp4004.poker.testcases.Log logmsg
INFO: Thread 12 sending a java.lang.Integer 151
Dec 06, 2017 9:54:03 PM comp4004.poker.testcases.Log logmsg
INFO: Thread 12 sending a java.lang.Integer 103
Dec 06, 2017 9:54:09 PM comp4004.poker.testcases.Log logmsg
INFO: Received a java.lang.Integer 0 from thread 12
Dec 06, 2017 9:54:09 PM comp4004.poker.testcases.Log logmsg
INFO: Thread 12: attempting to play card 0: 3 of Hearts
Dec 06, 2017 9:54:09 PM comp4004.poker.testcases.Log logmsg
INFO: Thread 12 sending a java.lang.Integer 302
Dec 06, 2017 9:54:09 PM comp4004.poker.testcases.Log logmsg
INFO: Thread 12: successfully discarded card 0: 3 of Hearts
Dec 06, 2017 9:54:09 PM comp4004.poker.testcases.Log logmsg
INFO: Thread 12 sending a java.lang.Integer 103
Dec 06, 2017 9:54:11 PM comp4004.poker.testcases.Log logmsg
INFO: Received a java.lang.Integer 0 from thread 12
Dec 06, 2017 9:54:11 PM comp4004.poker.testcases.Log logmsg
INFO: Thread 12: attempting to play card 0: 9 of Spades
Dec 06, 2017 9:54:11 PM comp4004.poker.testcases.Log logmsg
INFO: Thread 12 sending a java.lang.Integer 302
Dec 06, 2017 9:54:11 PM comp4004.poker.testcases.Log logmsg
INFO: Thread 12: successfully discarded card 0: 9 of Spades
Dec 06, 2017 9:54:11 PM comp4004.poker.testcases.Log logmsg
INFO: Thread 12 sending a java.lang.Integer 103
Dec 06, 2017 9:54:12 PM comp4004.poker.testcases.Log logmsg
INFO: Received a java.lang.Integer 0 from thread 12
Dec 06, 2017 9:54:12 PM comp4004.poker.testcases.Log logmsg
INFO: Thread 12: attempting to play card 0: 2 of Spades
Dec 06, 2017 9:54:12 PM comp4004.poker.testcases.Log logmsg
INFO: Thread 12 sending a java.lang.Integer 302
Dec 06, 2017 9:54:12 PM comp4004.poker.testcases.Log logmsg
INFO: Thread 12: successfully discarded card 0: 2 of Spades
Dec 06, 2017 9:54:12 PM comp4004.poker.testcases.Log logmsg
INFO: Thread 12 sending a java.lang.Integer 103
Dec 06, 2017 9:54:14 PM comp4004.poker.testcases.Log logmsg
INFO: Received a java.lang.Integer 107 from thread 12
Dec 06, 2017 9:54:14 PM comp4004.poker.testcases.Log logmsg
INFO: Thread 12: exchanged cards.
Dec 06, 2017 9:54:14 PM comp4004.poker.testcases.Log logmsg
INFO: Thread 12 sending a java.lang.Integer 107
Dec 06, 2017 9:54:14 PM comp4004.poker.testcases.Log logmsg
INFO: Thread 12 sending a java.lang.Integer 103
Dec 06, 2017 9:54:15 PM comp4004.poker.testcases.Log logmsg
INFO: Received a java.lang.Integer 106 from thread 12
Dec 06, 2017 9:54:15 PM comp4004.poker.testcases.Log logmsg
INFO: Thread 12: ended turn.
Dec 06, 2017 9:54:15 PM comp4004.poker.testcases.Log logmsg
INFO: Thread 11 sending a java.lang.Integer 202
Dec 06, 2017 9:54:15 PM comp4004.poker.testcases.Log logmsg
INFO: Thread 11 sending a java.lang.Long 12
Dec 06, 2017 9:54:15 PM comp4004.poker.testcases.Log logmsg
INFO: Thread 11 sending a java.lang.Integer 151
Dec 06, 2017 9:54:15 PM comp4004.poker.testcases.Log logmsg
INFO: Thread 11 sending a java.lang.Integer 103
