Dec 06, 2017 7:03:15 PM comp4004.poker.testcases.Log <init>
INFO: Logger Configured
Dec 06, 2017 7:03:29 PM comp4004.poker.testcases.Log logmsg
INFO: Thread 11 sending a java.lang.Integer 1
Dec 06, 2017 7:03:29 PM comp4004.poker.testcases.Log logmsg
INFO: Thread 12 sending a java.lang.Integer 2
Dec 06, 2017 7:03:29 PM comp4004.poker.testcases.Log logmsg
INFO: Thread 11 starting up.
Dec 06, 2017 7:03:29 PM comp4004.poker.testcases.Log logmsg
INFO: Thread 11 sending a java.lang.Integer 151
Dec 06, 2017 7:03:29 PM comp4004.poker.testcases.Log logmsg
INFO: Thread 12 starting up.
Dec 06, 2017 7:03:29 PM comp4004.poker.testcases.Log logmsg
INFO: Thread 11 sending a java.lang.Integer 103
Dec 06, 2017 7:03:41 PM comp4004.poker.testcases.Log logmsg
INFO: Received a java.lang.Integer 4 from thread 11
Dec 06, 2017 7:03:41 PM comp4004.poker.testcases.Log logmsg
INFO: Thread 11: attempting to play card 4: King of Hearts
Dec 06, 2017 7:03:41 PM comp4004.poker.testcases.Log logmsg
INFO: Thread 11 sending a java.lang.Integer 302
Dec 06, 2017 7:03:41 PM comp4004.poker.testcases.Log logmsg
INFO: Thread 11: successfully exchanged card 4: King of Hearts
Dec 06, 2017 7:03:41 PM comp4004.poker.testcases.Log logmsg
INFO: Thread 11 sending a java.lang.Integer 103
Dec 06, 2017 7:03:45 PM comp4004.poker.testcases.Log logmsg
INFO: Received a java.lang.Integer 106 from thread 11
Dec 06, 2017 7:03:45 PM comp4004.poker.testcases.Log logmsg
INFO: Thread 11: ended turn.
Dec 06, 2017 7:03:45 PM comp4004.poker.testcases.Log logmsg
INFO: Thread 12 sending a java.lang.Integer 202
Dec 06, 2017 7:03:45 PM comp4004.poker.testcases.Log logmsg
INFO: Thread 12 sending a java.lang.Long 11
Dec 06, 2017 7:03:45 PM comp4004.poker.testcases.Log logmsg
INFO: Thread 12 sending a java.lang.Integer 151
Dec 06, 2017 7:03:45 PM comp4004.poker.testcases.Log logmsg
INFO: Thread 12 sending a java.lang.Integer 103
Dec 06, 2017 7:03:57 PM comp4004.poker.testcases.Log logmsg
INFO: Received a java.lang.Integer 0 from thread 12
Dec 06, 2017 7:03:57 PM comp4004.poker.testcases.Log logmsg
INFO: Thread 12: attempting to play card 0: 5 of Hearts
Dec 06, 2017 7:03:57 PM comp4004.poker.testcases.Log logmsg
INFO: Thread 12 sending a java.lang.Integer 302
Dec 06, 2017 7:03:57 PM comp4004.poker.testcases.Log logmsg
INFO: Thread 12: successfully exchanged card 0: 5 of Hearts
Dec 06, 2017 7:03:57 PM comp4004.poker.testcases.Log logmsg
INFO: Thread 12 sending a java.lang.Integer 103
Dec 06, 2017 7:03:59 PM comp4004.poker.testcases.Log logmsg
INFO: Received a java.lang.Integer 1 from thread 12
Dec 06, 2017 7:03:59 PM comp4004.poker.testcases.Log logmsg
INFO: Thread 12: attempting to play card 1: 6 of Diamonds
Dec 06, 2017 7:03:59 PM comp4004.poker.testcases.Log logmsg
INFO: Thread 12 sending a java.lang.Integer 302
Dec 06, 2017 7:03:59 PM comp4004.poker.testcases.Log logmsg
INFO: Thread 12: successfully exchanged card 1: 6 of Diamonds
Dec 06, 2017 7:03:59 PM comp4004.poker.testcases.Log logmsg
INFO: Thread 12 sending a java.lang.Integer 103
Dec 06, 2017 7:04:02 PM comp4004.poker.testcases.Log logmsg
INFO: Received a java.lang.Integer 1 from thread 12
Dec 06, 2017 7:04:02 PM comp4004.poker.testcases.Log logmsg
INFO: Thread 12: attempting to play card 1: 7 of Spades
Dec 06, 2017 7:04:02 PM comp4004.poker.testcases.Log logmsg
INFO: Thread 12 sending a java.lang.Integer 302
Dec 06, 2017 7:04:02 PM comp4004.poker.testcases.Log logmsg
INFO: Thread 12: successfully exchanged card 1: 7 of Spades
Dec 06, 2017 7:04:02 PM comp4004.poker.testcases.Log logmsg
INFO: Thread 12 sending a java.lang.Integer 103
Dec 06, 2017 7:04:05 PM comp4004.poker.testcases.Log logmsg
INFO: Received a java.lang.Integer 106 from thread 12
Dec 06, 2017 7:04:05 PM comp4004.poker.testcases.Log logmsg
INFO: Thread 12: ended turn.
Dec 06, 2017 7:04:05 PM comp4004.poker.testcases.Log logmsg
INFO: Thread 11 sending a java.lang.Integer 202
Dec 06, 2017 7:04:05 PM comp4004.poker.testcases.Log logmsg
INFO: Thread 12 sending a java.lang.Integer 9001
Dec 06, 2017 7:04:05 PM comp4004.poker.testcases.Log logmsg
INFO: Thread 11 sending a java.lang.Long 12
Dec 06, 2017 7:04:05 PM comp4004.poker.testcases.Log logmsg
INFO: Thread 11 sending a java.lang.Integer 8999
Dec 06, 2017 7:04:05 PM comp4004.poker.testcases.Log logmsg
INFO: Thread 11 sending a java.lang.Long 12
