Dec 06, 2017 10:04:08 PM comp4004.poker.testcases.Log <init>
INFO: Logger Configured
Dec 06, 2017 10:04:18 PM comp4004.poker.testcases.Log logmsg
INFO: Thread 11 sending a java.lang.Integer 1
Dec 06, 2017 10:04:18 PM comp4004.poker.testcases.Log logmsg
INFO: Thread 12 sending a java.lang.Integer 2
Dec 06, 2017 10:04:18 PM comp4004.poker.testcases.Log logmsg
INFO: Thread 11 starting up.
Dec 06, 2017 10:04:18 PM comp4004.poker.testcases.Log logmsg
INFO: Thread 12 starting up.
Dec 06, 2017 10:04:18 PM comp4004.poker.testcases.Log logmsg
INFO: Thread 11 sending a java.lang.Integer 151
Dec 06, 2017 10:04:18 PM comp4004.poker.testcases.Log logmsg
INFO: Thread 11 sending a java.lang.Integer 103
Dec 06, 2017 10:04:24 PM comp4004.poker.testcases.Log logmsg
INFO: Received a java.lang.Integer 0 from thread 11
Dec 06, 2017 10:04:24 PM comp4004.poker.testcases.Log logmsg
INFO: Thread 11: attempting to play card 0: 4 of Hearts
Dec 06, 2017 10:04:24 PM comp4004.poker.testcases.Log logmsg
INFO: Thread 11 sending a java.lang.Integer 302
Dec 06, 2017 10:04:24 PM comp4004.poker.testcases.Log logmsg
INFO: Thread 11: successfully discarded card 0: 4 of Hearts
Dec 06, 2017 10:04:24 PM comp4004.poker.testcases.Log logmsg
INFO: Thread 11 sending a java.lang.Integer 103
Dec 06, 2017 10:04:26 PM comp4004.poker.testcases.Log logmsg
INFO: Received a java.lang.Integer 1 from thread 11
Dec 06, 2017 10:04:26 PM comp4004.poker.testcases.Log logmsg
INFO: Thread 11: attempting to play card 1: 2 of Diamonds
Dec 06, 2017 10:04:26 PM comp4004.poker.testcases.Log logmsg
INFO: Thread 11 sending a java.lang.Integer 302
Dec 06, 2017 10:04:26 PM comp4004.poker.testcases.Log logmsg
INFO: Thread 11: successfully discarded card 1: 2 of Diamonds
Dec 06, 2017 10:04:26 PM comp4004.poker.testcases.Log logmsg
INFO: Thread 11 sending a java.lang.Integer 103
Dec 06, 2017 10:04:28 PM comp4004.poker.testcases.Log logmsg
INFO: Received a java.lang.Integer 2 from thread 11
Dec 06, 2017 10:04:28 PM comp4004.poker.testcases.Log logmsg
INFO: Thread 11: attempting to play card 2: 5 of Clubs
Dec 06, 2017 10:04:28 PM comp4004.poker.testcases.Log logmsg
INFO: Thread 11 sending a java.lang.Integer 302
Dec 06, 2017 10:04:28 PM comp4004.poker.testcases.Log logmsg
INFO: Thread 11: successfully discarded card 2: 5 of Clubs
Dec 06, 2017 10:04:28 PM comp4004.poker.testcases.Log logmsg
INFO: Thread 11 sending a java.lang.Integer 103
Dec 06, 2017 10:04:29 PM comp4004.poker.testcases.Log logmsg
INFO: Received a java.lang.Integer 107 from thread 11
Dec 06, 2017 10:04:29 PM comp4004.poker.testcases.Log logmsg
INFO: Thread 11: exchanged cards.
Dec 06, 2017 10:04:29 PM comp4004.poker.testcases.Log logmsg
INFO: Thread 11 sending a java.lang.Integer 107
Dec 06, 2017 10:04:29 PM comp4004.poker.testcases.Log logmsg
INFO: Thread 11 sending a java.lang.Integer 103
Dec 06, 2017 10:04:32 PM comp4004.poker.testcases.Log logmsg
INFO: Received a java.lang.Integer 106 from thread 11
Dec 06, 2017 10:04:32 PM comp4004.poker.testcases.Log logmsg
INFO: Thread 11: ended turn.
Dec 06, 2017 10:04:32 PM comp4004.poker.testcases.Log logmsg
INFO: Thread 12 sending a java.lang.Integer 202
Dec 06, 2017 10:04:32 PM comp4004.poker.testcases.Log logmsg
INFO: Thread 12 sending a java.lang.Long 11
Dec 06, 2017 10:04:32 PM comp4004.poker.testcases.Log logmsg
INFO: Thread 12 sending a java.lang.Integer 151
Dec 06, 2017 10:04:32 PM comp4004.poker.testcases.Log logmsg
INFO: Thread 12 sending a java.lang.Integer 103
Dec 06, 2017 10:04:39 PM comp4004.poker.testcases.Log logmsg
INFO: Received a java.lang.Integer 0 from thread 12
Dec 06, 2017 10:04:39 PM comp4004.poker.testcases.Log logmsg
INFO: Thread 12: attempting to play card 0: 4 of Diamonds
Dec 06, 2017 10:04:39 PM comp4004.poker.testcases.Log logmsg
INFO: Thread 12 sending a java.lang.Integer 302
Dec 06, 2017 10:04:39 PM comp4004.poker.testcases.Log logmsg
INFO: Thread 12: successfully discarded card 0: 4 of Diamonds
Dec 06, 2017 10:04:39 PM comp4004.poker.testcases.Log logmsg
INFO: Thread 12 sending a java.lang.Integer 103
Dec 06, 2017 10:04:41 PM comp4004.poker.testcases.Log logmsg
INFO: Received a java.lang.Integer 0 from thread 12
Dec 06, 2017 10:04:41 PM comp4004.poker.testcases.Log logmsg
INFO: Thread 12: attempting to play card 0: 3 of Hearts
Dec 06, 2017 10:04:41 PM comp4004.poker.testcases.Log logmsg
INFO: Thread 12 sending a java.lang.Integer 302
Dec 06, 2017 10:04:41 PM comp4004.poker.testcases.Log logmsg
INFO: Thread 12: successfully discarded card 0: 3 of Hearts
Dec 06, 2017 10:04:41 PM comp4004.poker.testcases.Log logmsg
INFO: Thread 12 sending a java.lang.Integer 103
Dec 06, 2017 10:04:43 PM comp4004.poker.testcases.Log logmsg
INFO: Received a java.lang.Integer 2 from thread 12
Dec 06, 2017 10:04:43 PM comp4004.poker.testcases.Log logmsg
INFO: Thread 12: attempting to play card 2: 5 of Spades
Dec 06, 2017 10:04:43 PM comp4004.poker.testcases.Log logmsg
INFO: Thread 12 sending a java.lang.Integer 302
Dec 06, 2017 10:04:43 PM comp4004.poker.testcases.Log logmsg
INFO: Thread 12: successfully discarded card 2: 5 of Spades
Dec 06, 2017 10:04:43 PM comp4004.poker.testcases.Log logmsg
INFO: Thread 12 sending a java.lang.Integer 103
Dec 06, 2017 10:04:45 PM comp4004.poker.testcases.Log logmsg
INFO: Received a java.lang.Integer 107 from thread 12
Dec 06, 2017 10:04:45 PM comp4004.poker.testcases.Log logmsg
INFO: Thread 12: exchanged cards.
Dec 06, 2017 10:04:45 PM comp4004.poker.testcases.Log logmsg
INFO: Thread 12 sending a java.lang.Integer 107
Dec 06, 2017 10:04:45 PM comp4004.poker.testcases.Log logmsg
INFO: Thread 12 sending a java.lang.Integer 103
Dec 06, 2017 10:04:46 PM comp4004.poker.testcases.Log logmsg
INFO: Received a java.lang.Integer 106 from thread 12
Dec 06, 2017 10:04:46 PM comp4004.poker.testcases.Log logmsg
INFO: Thread 12: ended turn.
Dec 06, 2017 10:04:46 PM comp4004.poker.testcases.Log logmsg
INFO: Thread 12 sending a java.lang.Integer 8999
Dec 06, 2017 10:04:46 PM comp4004.poker.testcases.Log logmsg
INFO: Thread 12 sending a java.lang.Long 11
Dec 06, 2017 10:04:46 PM comp4004.poker.testcases.Log logmsg
INFO: Thread 11 sending a java.lang.Integer 9001
