Dec 06, 2017 7:43:13 PM comp4004.poker.testcases.Log <init>
INFO: Logger Configured
Dec 06, 2017 7:43:35 PM comp4004.poker.testcases.Log logmsg
INFO: Thread 11 sending a java.lang.Integer 1
Dec 06, 2017 7:43:35 PM comp4004.poker.testcases.Log logmsg
INFO: Thread 12 sending a java.lang.Integer 2
Dec 06, 2017 7:43:35 PM comp4004.poker.testcases.Log logmsg
INFO: Thread 12 starting up.
Dec 06, 2017 7:43:35 PM comp4004.poker.testcases.Log logmsg
INFO: Thread 11 starting up.
Dec 06, 2017 7:43:35 PM comp4004.poker.testcases.Log logmsg
INFO: Thread 11 sending a java.lang.Integer 151
Dec 06, 2017 7:43:35 PM comp4004.poker.testcases.Log logmsg
INFO: Thread 11 sending a java.lang.Integer 103
Dec 06, 2017 7:43:42 PM comp4004.poker.testcases.Log logmsg
INFO: Received a java.lang.Integer 2 from thread 11
Dec 06, 2017 7:43:42 PM comp4004.poker.testcases.Log logmsg
INFO: Thread 11: attempting to play card 2: 3 of Clubs
Dec 06, 2017 7:43:42 PM comp4004.poker.testcases.Log logmsg
INFO: Thread 11 sending a java.lang.Integer 302
Dec 06, 2017 7:43:42 PM comp4004.poker.testcases.Log logmsg
INFO: Thread 11: successfully discarded card 2: 3 of Clubs
Dec 06, 2017 7:43:42 PM comp4004.poker.testcases.Log logmsg
INFO: Thread 11 sending a java.lang.Integer 103
Dec 06, 2017 7:43:45 PM comp4004.poker.testcases.Log logmsg
INFO: Received a java.lang.Integer 2 from thread 11
Dec 06, 2017 7:43:45 PM comp4004.poker.testcases.Log logmsg
INFO: Thread 11: attempting to play card 2: 7 of Hearts
Dec 06, 2017 7:43:45 PM comp4004.poker.testcases.Log logmsg
INFO: Thread 11 sending a java.lang.Integer 302
Dec 06, 2017 7:43:45 PM comp4004.poker.testcases.Log logmsg
INFO: Thread 11: successfully discarded card 2: 7 of Hearts
Dec 06, 2017 7:43:45 PM comp4004.poker.testcases.Log logmsg
INFO: Thread 11 sending a java.lang.Integer 103
Dec 06, 2017 7:43:47 PM comp4004.poker.testcases.Log logmsg
INFO: Received a java.lang.Integer 2 from thread 11
Dec 06, 2017 7:43:47 PM comp4004.poker.testcases.Log logmsg
INFO: Thread 11: attempting to play card 2: 5 of Clubs
Dec 06, 2017 7:43:47 PM comp4004.poker.testcases.Log logmsg
INFO: Thread 11 sending a java.lang.Integer 302
Dec 06, 2017 7:43:47 PM comp4004.poker.testcases.Log logmsg
INFO: Thread 11: successfully discarded card 2: 5 of Clubs
Dec 06, 2017 7:43:47 PM comp4004.poker.testcases.Log logmsg
INFO: Thread 11 sending a java.lang.Integer 103
Dec 06, 2017 7:43:48 PM comp4004.poker.testcases.Log logmsg
INFO: Received a java.lang.Integer 107 from thread 11
Dec 06, 2017 7:43:48 PM comp4004.poker.testcases.Log logmsg
INFO: Thread 11: exchanged cards.
Dec 06, 2017 7:43:48 PM comp4004.poker.testcases.Log logmsg
INFO: Thread 11 sending a java.lang.Integer 107
Dec 06, 2017 7:43:48 PM comp4004.poker.testcases.Log logmsg
INFO: Thread 11 sending a java.lang.Integer 103
Dec 06, 2017 7:43:54 PM comp4004.poker.testcases.Log logmsg
INFO: Received a java.lang.Integer 106 from thread 11
Dec 06, 2017 7:43:54 PM comp4004.poker.testcases.Log logmsg
INFO: Thread 11: ended turn.
Dec 06, 2017 7:43:54 PM comp4004.poker.testcases.Log logmsg
INFO: Thread 12 sending a java.lang.Integer 202
Dec 06, 2017 7:43:54 PM comp4004.poker.testcases.Log logmsg
INFO: Thread 12 sending a java.lang.Long 11
Dec 06, 2017 7:43:54 PM comp4004.poker.testcases.Log logmsg
INFO: Thread 12 sending a java.lang.Integer 151
Dec 06, 2017 7:43:54 PM comp4004.poker.testcases.Log logmsg
INFO: Thread 12 sending a java.lang.Integer 103
Dec 06, 2017 7:44:05 PM comp4004.poker.testcases.Log logmsg
INFO: Received a java.lang.Integer 0 from thread 12
Dec 06, 2017 7:44:05 PM comp4004.poker.testcases.Log logmsg
INFO: Thread 12: attempting to play card 0: 3 of Diamonds
Dec 06, 2017 7:44:05 PM comp4004.poker.testcases.Log logmsg
INFO: Thread 12 sending a java.lang.Integer 302
Dec 06, 2017 7:44:05 PM comp4004.poker.testcases.Log logmsg
INFO: Thread 12: successfully discarded card 0: 3 of Diamonds
Dec 06, 2017 7:44:05 PM comp4004.poker.testcases.Log logmsg
INFO: Thread 12 sending a java.lang.Integer 103
Dec 06, 2017 7:44:07 PM comp4004.poker.testcases.Log logmsg
INFO: Received a java.lang.Integer 0 from thread 12
Dec 06, 2017 7:44:07 PM comp4004.poker.testcases.Log logmsg
INFO: Thread 12: attempting to play card 0: 5 of Hearts
Dec 06, 2017 7:44:07 PM comp4004.poker.testcases.Log logmsg
INFO: Thread 12 sending a java.lang.Integer 302
Dec 06, 2017 7:44:07 PM comp4004.poker.testcases.Log logmsg
INFO: Thread 12: successfully discarded card 0: 5 of Hearts
Dec 06, 2017 7:44:07 PM comp4004.poker.testcases.Log logmsg
INFO: Thread 12 sending a java.lang.Integer 103
Dec 06, 2017 7:44:09 PM comp4004.poker.testcases.Log logmsg
INFO: Received a java.lang.Integer 2 from thread 12
Dec 06, 2017 7:44:09 PM comp4004.poker.testcases.Log logmsg
INFO: Thread 12: attempting to play card 2: 7 of Spades
Dec 06, 2017 7:44:09 PM comp4004.poker.testcases.Log logmsg
INFO: Thread 12 sending a java.lang.Integer 302
Dec 06, 2017 7:44:09 PM comp4004.poker.testcases.Log logmsg
INFO: Thread 12: successfully discarded card 2: 7 of Spades
Dec 06, 2017 7:44:09 PM comp4004.poker.testcases.Log logmsg
INFO: Thread 12 sending a java.lang.Integer 103
Dec 06, 2017 7:44:11 PM comp4004.poker.testcases.Log logmsg
INFO: Received a java.lang.Integer 107 from thread 12
Dec 06, 2017 7:44:11 PM comp4004.poker.testcases.Log logmsg
INFO: Thread 12: exchanged cards.
Dec 06, 2017 7:44:11 PM comp4004.poker.testcases.Log logmsg
INFO: Thread 12 sending a java.lang.Integer 107
Dec 06, 2017 7:44:11 PM comp4004.poker.testcases.Log logmsg
INFO: Thread 12 sending a java.lang.Integer 103
Dec 06, 2017 7:44:19 PM comp4004.poker.testcases.Log logmsg
INFO: Received a java.lang.Integer 106 from thread 12
Dec 06, 2017 7:44:19 PM comp4004.poker.testcases.Log logmsg
INFO: Thread 12: ended turn.
Dec 06, 2017 7:44:19 PM comp4004.poker.testcases.Log logmsg
INFO: Thread 11 sending a java.lang.Integer 202
Dec 06, 2017 7:44:19 PM comp4004.poker.testcases.Log logmsg
INFO: Thread 11 sending a java.lang.Long 12
Dec 06, 2017 7:44:19 PM comp4004.poker.testcases.Log logmsg
INFO: Thread 11 sending a java.lang.Integer 151
Dec 06, 2017 7:44:19 PM comp4004.poker.testcases.Log logmsg
INFO: Thread 11 sending a java.lang.Integer 103
