Dec 06, 2017 3:04:08 PM comp4004.poker.testcases.Log <init>
INFO: Logger Configured
Dec 06, 2017 3:04:25 PM comp4004.poker.testcases.Log logmsg
INFO: Thread 12 sending a java.lang.Integer 2
Dec 06, 2017 3:04:25 PM comp4004.poker.testcases.Log logmsg
INFO: Thread 11 sending a java.lang.Integer 1
Dec 06, 2017 3:04:25 PM comp4004.poker.testcases.Log logmsg
INFO: Thread 12 starting up.
Dec 06, 2017 3:04:25 PM comp4004.poker.testcases.Log logmsg
INFO: Thread 11 starting up.
Dec 06, 2017 3:04:25 PM comp4004.poker.testcases.Log logmsg
INFO: Thread 11 sending a java.lang.Integer 151
Dec 06, 2017 3:04:25 PM comp4004.poker.testcases.Log logmsg
INFO: Thread 11 sending a java.lang.Integer 103
Dec 06, 2017 3:05:12 PM comp4004.poker.testcases.Log logmsg
INFO: Received a java.lang.Integer 4 from thread 11
Dec 06, 2017 3:05:12 PM comp4004.poker.testcases.Log logmsg
INFO: Thread 11: attempting to play card 4: 7 of Clubs
Dec 06, 2017 3:05:12 PM comp4004.poker.testcases.Log logmsg
INFO: Thread 11 sending a java.lang.Integer 302
Dec 06, 2017 3:05:12 PM comp4004.poker.testcases.Log logmsg
INFO: Thread 11: successfully exchanged card 4: 7 of Clubs
Dec 06, 2017 3:05:12 PM comp4004.poker.testcases.Log logmsg
INFO: Thread 11 sending a java.lang.Integer 103
Dec 06, 2017 3:05:14 PM comp4004.poker.testcases.Log logmsg
INFO: Received a java.lang.Integer 3 from thread 11
Dec 06, 2017 3:05:14 PM comp4004.poker.testcases.Log logmsg
INFO: Thread 11: attempting to play card 3: Ace of Spades
Dec 06, 2017 3:05:14 PM comp4004.poker.testcases.Log logmsg
INFO: Thread 11 sending a java.lang.Integer 302
Dec 06, 2017 3:05:14 PM comp4004.poker.testcases.Log logmsg
INFO: Thread 11: successfully exchanged card 3: Ace of Spades
Dec 06, 2017 3:05:14 PM comp4004.poker.testcases.Log logmsg
INFO: Thread 11 sending a java.lang.Integer 103
Dec 06, 2017 3:05:16 PM comp4004.poker.testcases.Log logmsg
INFO: Received a java.lang.Integer 106 from thread 11
Dec 06, 2017 3:05:16 PM comp4004.poker.testcases.Log logmsg
INFO: Thread 11: ended turn.
Dec 06, 2017 3:05:16 PM comp4004.poker.testcases.Log logmsg
INFO: Thread 12 sending a java.lang.Integer 202
Dec 06, 2017 3:05:16 PM comp4004.poker.testcases.Log logmsg
INFO: Thread 12 sending a java.lang.Long 11
Dec 06, 2017 3:05:16 PM comp4004.poker.testcases.Log logmsg
INFO: Thread 12 sending a java.lang.Integer 151
Dec 06, 2017 3:05:16 PM comp4004.poker.testcases.Log logmsg
INFO: Thread 12 sending a java.lang.Integer 103
Dec 06, 2017 3:05:27 PM comp4004.poker.testcases.Log logmsg
INFO: Received a java.lang.Integer 1 from thread 12
Dec 06, 2017 3:05:27 PM comp4004.poker.testcases.Log logmsg
INFO: Thread 12: attempting to play card 1: 5 of Clubs
Dec 06, 2017 3:05:27 PM comp4004.poker.testcases.Log logmsg
INFO: Thread 12 sending a java.lang.Integer 302
Dec 06, 2017 3:05:27 PM comp4004.poker.testcases.Log logmsg
INFO: Thread 12: successfully exchanged card 1: 5 of Clubs
Dec 06, 2017 3:05:27 PM comp4004.poker.testcases.Log logmsg
INFO: Thread 12 sending a java.lang.Integer 103
Dec 06, 2017 3:05:30 PM comp4004.poker.testcases.Log logmsg
INFO: Received a java.lang.Integer 1 from thread 12
Dec 06, 2017 3:05:30 PM comp4004.poker.testcases.Log logmsg
INFO: Thread 12: attempting to play card 1: 3 of Diamonds
Dec 06, 2017 3:05:30 PM comp4004.poker.testcases.Log logmsg
INFO: Thread 12 sending a java.lang.Integer 302
Dec 06, 2017 3:05:30 PM comp4004.poker.testcases.Log logmsg
INFO: Thread 12: successfully exchanged card 1: 3 of Diamonds
Dec 06, 2017 3:05:30 PM comp4004.poker.testcases.Log logmsg
INFO: Thread 12 sending a java.lang.Integer 103
Dec 06, 2017 3:05:32 PM comp4004.poker.testcases.Log logmsg
INFO: Received a java.lang.Integer 1 from thread 12
Dec 06, 2017 3:05:32 PM comp4004.poker.testcases.Log logmsg
INFO: Thread 12: attempting to play card 1: 2 of Spades
Dec 06, 2017 3:05:32 PM comp4004.poker.testcases.Log logmsg
INFO: Thread 12 sending a java.lang.Integer 302
Dec 06, 2017 3:05:32 PM comp4004.poker.testcases.Log logmsg
INFO: Thread 12: successfully exchanged card 1: 2 of Spades
Dec 06, 2017 3:05:32 PM comp4004.poker.testcases.Log logmsg
INFO: Thread 12 sending a java.lang.Integer 103
Dec 06, 2017 3:05:34 PM comp4004.poker.testcases.Log logmsg
INFO: Received a java.lang.Integer 1 from thread 12
Dec 06, 2017 3:05:34 PM comp4004.poker.testcases.Log logmsg
INFO: Thread 12: attempting to play card 1: 8 of Hearts
Dec 06, 2017 3:05:34 PM comp4004.poker.testcases.Log logmsg
INFO: Thread 12 sending a java.lang.Integer 302
Dec 06, 2017 3:05:34 PM comp4004.poker.testcases.Log logmsg
INFO: Thread 12: successfully exchanged card 1: 8 of Hearts
Dec 06, 2017 3:05:34 PM comp4004.poker.testcases.Log logmsg
INFO: Thread 12 sending a java.lang.Integer 103
Dec 06, 2017 3:05:35 PM comp4004.poker.testcases.Log logmsg
INFO: Received a java.lang.Integer 106 from thread 12
Dec 06, 2017 3:05:35 PM comp4004.poker.testcases.Log logmsg
INFO: Thread 12: ended turn.
Dec 06, 2017 3:05:35 PM comp4004.poker.testcases.Log logmsg
INFO: Thread 11 sending a java.lang.Integer 202
Dec 06, 2017 3:05:35 PM comp4004.poker.testcases.Log logmsg
INFO: Thread 11 sending a java.lang.Long 12
Dec 06, 2017 3:05:35 PM comp4004.poker.testcases.Log logmsg
INFO: Thread 11 sending a java.lang.Integer 151
Dec 06, 2017 3:05:35 PM comp4004.poker.testcases.Log logmsg
INFO: Thread 11 sending a java.lang.Integer 103
Dec 06, 2017 3:06:39 PM comp4004.poker.testcases.Log logmsg
INFO: Received a java.lang.Integer 0 from thread 11
Dec 06, 2017 3:06:39 PM comp4004.poker.testcases.Log logmsg
INFO: Thread 11: attempting to play card 0: 5 of Hearts
Dec 06, 2017 3:06:39 PM comp4004.poker.testcases.Log logmsg
INFO: Thread 11 sending a java.lang.Integer 302
Dec 06, 2017 3:06:39 PM comp4004.poker.testcases.Log logmsg
INFO: Thread 11: successfully exchanged card 0: 5 of Hearts
Dec 06, 2017 3:06:39 PM comp4004.poker.testcases.Log logmsg
INFO: Thread 11 sending a java.lang.Integer 103
Dec 06, 2017 3:06:41 PM comp4004.poker.testcases.Log logmsg
INFO: Received a java.lang.Integer 106 from thread 11
Dec 06, 2017 3:06:41 PM comp4004.poker.testcases.Log logmsg
INFO: Thread 11: ended turn.
