Dec 08, 2017 12:10:34 AM comp4004.poker.testcases.Log <init>
INFO: Logger Configured
Dec 08, 2017 12:10:44 AM comp4004.poker.testcases.Log logmsg
INFO: Thread 12 starting up.
Dec 08, 2017 12:10:44 AM comp4004.poker.testcases.Log logmsg
INFO: Thread 11 sending a java.lang.Integer 1
Dec 08, 2017 12:10:44 AM comp4004.poker.testcases.Log logmsg
INFO: Thread 12: ended turn.
Dec 08, 2017 12:10:44 AM comp4004.poker.testcases.Log logmsg
INFO: Thread 11 starting up.
Dec 08, 2017 12:10:44 AM comp4004.poker.testcases.Log logmsg
INFO: Thread 11 sending a java.lang.Integer 151
Dec 08, 2017 12:10:44 AM comp4004.poker.testcases.Log logmsg
INFO: Thread 11 sending a java.lang.Integer 102
Dec 08, 2017 12:10:50 AM comp4004.poker.testcases.Log logmsg
INFO: Received a java.lang.Integer 0 from thread 11
Dec 08, 2017 12:10:50 AM comp4004.poker.testcases.Log logmsg
INFO: Thread 11: attempting to play card 0: 8 of Spades
Dec 08, 2017 12:10:50 AM comp4004.poker.testcases.Log logmsg
INFO: Thread 11 sending a java.lang.Integer 202
Dec 08, 2017 12:10:50 AM comp4004.poker.testcases.Log logmsg
INFO: Thread 11: successfully discarded card 0: 8 of Spades
Dec 08, 2017 12:10:50 AM comp4004.poker.testcases.Log logmsg
INFO: Thread 11 sending a java.lang.Integer 102
Dec 08, 2017 12:10:52 AM comp4004.poker.testcases.Log logmsg
INFO: Received a java.lang.Integer 0 from thread 11
Dec 08, 2017 12:10:52 AM comp4004.poker.testcases.Log logmsg
INFO: Thread 11: attempting to play card 0: 3 of Hearts
Dec 08, 2017 12:10:52 AM comp4004.poker.testcases.Log logmsg
INFO: Thread 11 sending a java.lang.Integer 202
Dec 08, 2017 12:10:52 AM comp4004.poker.testcases.Log logmsg
INFO: Thread 11: successfully discarded card 0: 3 of Hearts
Dec 08, 2017 12:10:52 AM comp4004.poker.testcases.Log logmsg
INFO: Thread 11 sending a java.lang.Integer 102
Dec 08, 2017 12:10:54 AM comp4004.poker.testcases.Log logmsg
INFO: Received a java.lang.Integer 0 from thread 11
Dec 08, 2017 12:10:54 AM comp4004.poker.testcases.Log logmsg
INFO: Thread 11: attempting to play card 0: 4 of Hearts
Dec 08, 2017 12:10:54 AM comp4004.poker.testcases.Log logmsg
INFO: Thread 11 sending a java.lang.Integer 202
Dec 08, 2017 12:10:54 AM comp4004.poker.testcases.Log logmsg
INFO: Thread 11: successfully discarded card 0: 4 of Hearts
Dec 08, 2017 12:10:54 AM comp4004.poker.testcases.Log logmsg
INFO: Thread 11 sending a java.lang.Integer 102
Dec 08, 2017 12:10:55 AM comp4004.poker.testcases.Log logmsg
INFO: Received a java.lang.Integer 104 from thread 11
Dec 08, 2017 12:10:55 AM comp4004.poker.testcases.Log logmsg
INFO: Thread 11: exchanged cards.
Dec 08, 2017 12:10:55 AM comp4004.poker.testcases.Log logmsg
INFO: Thread 11 sending a java.lang.Integer 104
Dec 08, 2017 12:10:55 AM comp4004.poker.testcases.Log logmsg
INFO: Thread 11 sending a java.lang.Integer 102
Dec 08, 2017 12:10:57 AM comp4004.poker.testcases.Log logmsg
INFO: Received a java.lang.Integer 103 from thread 11
Dec 08, 2017 12:10:57 AM comp4004.poker.testcases.Log logmsg
INFO: Thread 11: ended turn.
Dec 08, 2017 12:10:57 AM comp4004.poker.testcases.Log logmsg
INFO: Thread 11 sending a java.lang.Integer 9001
