Dec 06, 2017 2:58:18 PM comp4004.poker.testcases.Log <init>
INFO: Logger Configured
Dec 06, 2017 2:58:32 PM comp4004.poker.testcases.Log logmsg
INFO: Thread 12 sending a java.lang.Integer 2
Dec 06, 2017 2:58:32 PM comp4004.poker.testcases.Log logmsg
INFO: Thread 11 sending a java.lang.Integer 1
Dec 06, 2017 2:58:32 PM comp4004.poker.testcases.Log logmsg
INFO: Thread 12 starting up.
Dec 06, 2017 2:58:32 PM comp4004.poker.testcases.Log logmsg
INFO: Thread 11 starting up.
Dec 06, 2017 2:58:32 PM comp4004.poker.testcases.Log logmsg
INFO: Thread 11 sending a java.lang.Integer 151
Dec 06, 2017 2:58:32 PM comp4004.poker.testcases.Log logmsg
INFO: Thread 11 sending a java.lang.Integer 103
Dec 06, 2017 2:58:37 PM comp4004.poker.testcases.Log logmsg
INFO: Received a java.lang.Integer 1 from thread 11
Dec 06, 2017 2:58:37 PM comp4004.poker.testcases.Log logmsg
INFO: Thread 11: attempting to play card 1: 6 of Spades
Dec 06, 2017 2:58:37 PM comp4004.poker.testcases.Log logmsg
INFO: Thread 11 sending a java.lang.Integer 302
Dec 06, 2017 2:58:37 PM comp4004.poker.testcases.Log logmsg
INFO: Thread 11: successfully exchanged card 1: 6 of Spades
Dec 06, 2017 2:58:37 PM comp4004.poker.testcases.Log logmsg
INFO: Thread 11 sending a java.lang.Integer 103
